-------------------------------------------------------------------------------
Test set: TestSuite
-------------------------------------------------------------------------------
Tests run: 80, Failures: 24, Errors: 0, Skipped: 0, Time elapsed: 39.866 sec <<< FAILURE!
Smoke_Test_Case_Verify_Video_adCalll(twc.Automation.SmokeTestCases.smokeTestCases)  Time elapsed: 1.93 sec  <<< FAILURE!
java.lang.AssertionError: 7646/app_android_us/video call was not trigred
	at org.testng.Assert.fail(Assert.java:94)
	at twc.Automation.General.Functions.finding_VideoCard_iu_value(Functions.java:2352)
	at twc.Automation.SmokeTestCases.smokeTestCases.Smoke_Test_Case_Verify_Video_adCalll(smokeTestCases.java:246)

Smoke_Test_Verify_PrivacyCard_onScreen(twc.Automation.SmokeTestCases.smokeTestCases)  Time elapsed: 0.03 sec  <<< FAILURE!
java.lang.NullPointerException
	at twc.Automation.HandleWithApp.AppFunctions.Kill_Launch_App(AppFunctions.java:903)
	at twc.Automation.SmokeTestCases.smokeTestCases.Smoke_Test_Verify_PrivacyCard_onScreen(smokeTestCases.java:589)

Smoke_Test_Selecting_Opt_out_mode_scenario(twc.Automation.SmokeTestCases.smokeTestCases)  Time elapsed: 0.001 sec  <<< FAILURE!
java.lang.NullPointerException
	at twc.Automation.General.Functions.selecting_opt_out_mode(Functions.java:3397)
	at twc.Automation.SmokeTestCases.smokeTestCases.Smoke_Test_Selecting_Opt_out_mode_scenario(smokeTestCases.java:603)

Smoke_Test__Smoke_Test_Verifying_videoadcall_Optoutmode_scenario(twc.Automation.SmokeTestCases.smokeTestCases)  Time elapsed: 0 sec  <<< FAILURE!
java.lang.NullPointerException
	at twc.Automation.HandleWithApp.AppFunctions.Kill_Launch_App(AppFunctions.java:903)
	at twc.Automation.SmokeTestCases.smokeTestCases.Smoke_Test__Smoke_Test_Verifying_videoadcall_Optoutmode_scenario(smokeTestCases.java:613)

Smoke_Test__Verifying_Bcp_apicall_Optoutmode_scenario(twc.Automation.SmokeTestCases.smokeTestCases)  Time elapsed: 0.487 sec  <<< FAILURE!
java.lang.AssertionError: https://bcp.crwdcntrl.net/ url was trigred
	at org.testng.Assert.fail(Assert.java:94)
	at twc.Automation.General.Functions.validating_bcp_privacy_Optoutmode_scenarion(Functions.java:3494)
	at twc.Automation.SmokeTestCases.smokeTestCases.Smoke_Test__Verifying_Bcp_apicall_Optoutmode_scenario(smokeTestCases.java:658)

Smoke_Test__Verifying_adcrw_apicall_Optoutmode_scenario(twc.Automation.SmokeTestCases.smokeTestCases)  Time elapsed: 0.453 sec  <<< FAILURE!
java.lang.AssertionError: https://ad.crwdcntrl.net/ url was trigred
	at org.testng.Assert.fail(Assert.java:94)
	at twc.Automation.General.Functions.validating_adcrw_privacy_Optoutmode_scenarion(Functions.java:3515)
	at twc.Automation.SmokeTestCases.smokeTestCases.Smoke_Test__Verifying_adcrw_apicall_Optoutmode_scenario(smokeTestCases.java:670)

Smoke_Test__Verifying_amaozn_aax_calls_Optoutmode_scenario(twc.Automation.SmokeTestCases.smokeTestCases)  Time elapsed: 0.391 sec  <<< FAILURE!
java.lang.AssertionError: amazon aax is  trigreed for privacy Optoutmode scenario
	at org.testng.Assert.fail(Assert.java:94)
	at twc.Automation.General.Functions.validating_aax_privacy_Optoutmode_scenario(Functions.java:3862)
	at twc.Automation.SmokeTestCases.smokeTestCases.Smoke_Test__Verifying_amaozn_aax_calls_Optoutmode_scenario(smokeTestCases.java:694)

Smoke_Test_Verifying_SOD_Cust_Param_homescreenad_Optoutmode_scenario(twc.Automation.SmokeTestCases.smokeTestCases)  Time elapsed: 0.467 sec  <<< FAILURE!
java.lang.AssertionError: SOD cust param value for home screen call is not matchged withsod=yes
	at org.testng.Assert.fail(Assert.java:94)
	at twc.Automation.General.Functions.validate_SOD_Cust_param_homescreen_Optoutmode(Functions.java:3915)
	at twc.Automation.SmokeTestCases.smokeTestCases.Smoke_Test_Verifying_SOD_Cust_Param_homescreenad_Optoutmode_scenario(smokeTestCases.java:727)

Smoke_Test_Verifying_SOD_Cust_Param_Feedad_Optoutmode_scenario(twc.Automation.SmokeTestCases.smokeTestCases)  Time elapsed: 0.465 sec  <<< FAILURE!
java.lang.AssertionError: SOD cust param value for Feed call is not matchged withsod=yes
	at org.testng.Assert.fail(Assert.java:94)
	at twc.Automation.General.Functions.validate_SOD_Cust_param_feed_Optoutmode(Functions.java:3944)
	at twc.Automation.SmokeTestCases.smokeTestCases.Smoke_Test_Verifying_SOD_Cust_Param_Feedad_Optoutmode_scenario(smokeTestCases.java:737)

Smoke_Test_Verifying_SOD_Cust_Param_detail_Feedad_Optoutmode_scenario(twc.Automation.SmokeTestCases.smokeTestCases)  Time elapsed: 0.549 sec  <<< FAILURE!
java.lang.AssertionError: SOD cust param value for deatiled Feed ad call is not matchged withsod=yes
	at org.testng.Assert.fail(Assert.java:94)
	at twc.Automation.General.Functions.validate_SOD_Cust_param_deatiledfeed_Optoutmode(Functions.java:3972)
	at twc.Automation.SmokeTestCases.smokeTestCases.Smoke_Test_Verifying_SOD_Cust_Param_detail_Feedad_Optoutmode_scenario(smokeTestCases.java:746)

Smoke_Test_Verifying_RDP_value_homescreenad_Optoutmode_scenario(twc.Automation.SmokeTestCases.smokeTestCases)  Time elapsed: 0.428 sec  <<< FAILURE!
java.lang.AssertionError: RDP for home screen call  is not matchged with1
	at org.testng.Assert.fail(Assert.java:94)
	at twc.Automation.General.Functions.validate_RDP_homescreen_Optoutmode(Functions.java:4161)
	at twc.Automation.SmokeTestCases.smokeTestCases.Smoke_Test_Verifying_RDP_value_homescreenad_Optoutmode_scenario(smokeTestCases.java:764)

Smoke_Test_Verifying_RDP_value_feedad_Optoutmode_scenario(twc.Automation.SmokeTestCases.smokeTestCases)  Time elapsed: 0.483 sec  <<< FAILURE!
java.lang.AssertionError: RDP for feed ad call call  is not matchged with1
	at org.testng.Assert.fail(Assert.java:94)
	at twc.Automation.General.Functions.validate_RDP_feed_Optoutmode(Functions.java:4182)
	at twc.Automation.SmokeTestCases.smokeTestCases.Smoke_Test_Verifying_RDP_value_feedad_Optoutmode_scenario(smokeTestCases.java:773)

Smoke_Test_Selecting_Opt_in_mode_scenario(twc.Automation.SmokeTestCases.smokeTestCases)  Time elapsed: 0.001 sec  <<< FAILURE!
java.lang.NullPointerException
	at twc.Automation.HandleWithApp.AppFunctions.Kill_Launch_App(AppFunctions.java:903)
	at twc.Automation.SmokeTestCases.smokeTestCases.Smoke_Test_Selecting_Opt_in_mode_scenario(smokeTestCases.java:803)

Smoke_Test__Smoke_Test_Verifying_videoadcall_Optinmode_scenario(twc.Automation.SmokeTestCases.smokeTestCases)  Time elapsed: 0 sec  <<< FAILURE!
java.lang.NullPointerException
	at twc.Automation.HandleWithApp.AppFunctions.Kill_Launch_App(AppFunctions.java:903)
	at twc.Automation.SmokeTestCases.smokeTestCases.Smoke_Test__Smoke_Test_Verifying_videoadcall_Optinmode_scenario(smokeTestCases.java:817)

Smoke_Test__Verifying_locaion_apicall_Optinmode_scenario(twc.Automation.SmokeTestCases.smokeTestCases)  Time elapsed: 0.582 sec  <<< FAILURE!
java.lang.AssertionError: https://location.wfxtriggers.com url was not trigred
	at org.testng.Assert.fail(Assert.java:94)
	at twc.Automation.General.Functions.validating_Fatualcall_privacy_Optinmode_scenarion(Functions.java:3618)
	at twc.Automation.SmokeTestCases.smokeTestCases.Smoke_Test__Verifying_locaion_apicall_Optinmode_scenario(smokeTestCases.java:885)

Smoke_Test_Verifying_homescreenhourly__backfromdetailedpage_scenario(twc.Automation.SmokeTestCases.smokeTestCases)  Time elapsed: 1.025 sec  <<< FAILURE!
java.lang.NullPointerException
	at twc.Automation.HandleWithCharles.CharlesFunctions.ClearSessions(CharlesFunctions.java:234)
	at twc.Automation.SmokeTestCases.smokeTestCases.Smoke_Test_Verifying_homescreenhourly__backfromdetailedpage_scenario(smokeTestCases.java:1059)

Smoke_Test_Verifying_homescreenmarquee_backfromdetailedpage__scenario(twc.Automation.SmokeTestCases.smokeTestCases)  Time elapsed: 0.006 sec  <<< FAILURE!
java.lang.NullPointerException
	at twc.Automation.ReadDataFromFile.read_xml_data_into_buffer.read_xml_file_into_buffer_string(read_xml_data_into_buffer.java:47)
	at twc.Automation.General.Functions.finding_Homescreen_marquee_iu_value(Functions.java:3335)
	at twc.Automation.SmokeTestCases.smokeTestCases.Smoke_Test_Verifying_homescreenmarquee_backfromdetailedpage__scenario(smokeTestCases.java:1076)

Smoke_Test_NextGen_IM_adunit(twc.Automation.SmokeTestCases.smokeTestCases)  Time elapsed: 1.005 sec  <<< FAILURE!
java.lang.NullPointerException
	at twc.Automation.HandleWithCharles.CharlesFunctions.ClearSessions(CharlesFunctions.java:234)
	at twc.Automation.SmokeTestCases.smokeTestCases.Smoke_Test_NextGen_IM_adunit(smokeTestCases.java:1094)

Smoke_Test_verifying_NextGenIM_response(twc.Automation.SmokeTestCases.smokeTestCases)  Time elapsed: 0.007 sec  <<< FAILURE!
java.lang.NullPointerException
	at twc.Automation.ReadDataFromFile.read_xml_data_into_buffer.read_xml_file_into_buffer_string(read_xml_data_into_buffer.java:47)
	at twc.Automation.General.Functions.nextgenim_adcall_response(Functions.java:3686)
	at twc.Automation.SmokeTestCases.smokeTestCases.Smoke_Test_verifying_NextGenIM_response(smokeTestCases.java:1108)

Smoke_Test_verifying_FG_BG_urls_NextgenIm_Ad(twc.Automation.SmokeTestCases.smokeTestCases)  Time elapsed: 0.004 sec  <<< FAILURE!
java.lang.NullPointerException
	at twc.Automation.ReadDataFromFile.read_xml_data_into_buffer.read_xml_file_into_buffer_string(read_xml_data_into_buffer.java:47)
	at twc.Automation.General.Functions.validate_FG_BG_adcalls_NextGenIM(Functions.java:3738)
	at twc.Automation.SmokeTestCases.smokeTestCases.Smoke_Test_verifying_FG_BG_urls_NextgenIm_Ad(smokeTestCases.java:1119)

Smoke_Test_verifying_Size_NextgenIm_Ad(twc.Automation.SmokeTestCases.smokeTestCases)  Time elapsed: 0.005 sec  <<< FAILURE!
java.lang.NullPointerException
	at twc.Automation.ReadDataFromFile.read_xml_data_into_buffer.read_xml_file_into_buffer_string(read_xml_data_into_buffer.java:47)
	at twc.Automation.General.Functions.validate_Size_NextGenIM(Functions.java:3759)
	at twc.Automation.SmokeTestCases.smokeTestCases.Smoke_Test_verifying_Size_NextgenIm_Ad(smokeTestCases.java:1131)

Smoke_Test_Verify_dailyIF_card_adcall_iu(twc.Automation.SmokeTestCases.smokeTestCases)  Time elapsed: 1.006 sec  <<< FAILURE!
java.lang.NullPointerException
	at twc.Automation.HandleWithCharles.CharlesFunctions.ClearSessions(CharlesFunctions.java:234)
	at twc.Automation.SmokeTestCases.smokeTestCases.Smoke_Test_Verify_dailyIF_card_adcall_iu(smokeTestCases.java:1142)

Smoke_Test_verifying_DailyIFcardResponse(twc.Automation.SmokeTestCases.smokeTestCases)  Time elapsed: 0.006 sec  <<< FAILURE!
java.lang.NullPointerException
	at twc.Automation.ReadDataFromFile.read_xml_data_into_buffer.read_xml_file_into_buffer_string(read_xml_data_into_buffer.java:47)
	at twc.Automation.General.Functions.dailyIFCard_adcall_response(Functions.java:3786)
	at twc.Automation.SmokeTestCases.smokeTestCases.Smoke_Test_verifying_DailyIFcardResponse(smokeTestCases.java:1156)

Smoke_Test_verifying_FG_BG_urls_DailyIF_Card(twc.Automation.SmokeTestCases.smokeTestCases)  Time elapsed: 0.004 sec  <<< FAILURE!
java.lang.NullPointerException
	at twc.Automation.ReadDataFromFile.read_xml_data_into_buffer.read_xml_file_into_buffer_string(read_xml_data_into_buffer.java:47)
	at twc.Automation.General.Functions.validate_FG_BG_adcalls_DailyIFcards(Functions.java:3838)
	at twc.Automation.SmokeTestCases.smokeTestCases.Smoke_Test_verifying_FG_BG_urls_DailyIF_Card(smokeTestCases.java:1165)

