<?xml version="1.0" encoding="UTF-8"?>
<testng-results skipped="0" failed="5" total="37" passed="32">
  <reporter-output>
  </reporter-output>
  <suite name="Default suite" duration-ms="1014811" started-at="2020-05-27T17:45:39Z" finished-at="2020-05-27T18:02:33Z">
    <groups>
    </groups>
    <test name="Default test" duration-ms="1014811" started-at="2020-05-27T17:45:39Z" finished-at="2020-05-27T18:02:33Z">
      <class name="twc.Regression.TestCases.regressionTestCases">
        <test-method status="PASS" signature="Before_Test()[pri:0, instance:twc.Regression.TestCases.regressionTestCases@3aca2579]" name="Before_Test" is-config="true" duration-ms="14" started-at="2020-05-27T23:15:39Z" finished-at="2020-05-27T23:15:39Z">
          <reporter-output>
          </reporter-output>
        </test-method> <!-- Before_Test -->
        <test-method status="PASS" signature="C333216_Verify_cust_param_cnd()[pri:0, instance:twc.Regression.TestCases.regressionTestCases@3aca2579]" name="C333216_Verify_cust_param_cnd" duration-ms="17511" started-at="2020-05-27T23:15:39Z" finished-at="2020-05-27T23:15:56Z">
          <reporter-output>
          </reporter-output>
        </test-method> <!-- C333216_Verify_cust_param_cnd -->
        <test-method status="PASS" signature="C344257_Verify_Video_Url_Parameter_cmsid()[pri:0, instance:twc.Regression.TestCases.regressionTestCases@3aca2579]" name="C344257_Verify_Video_Url_Parameter_cmsid" duration-ms="570" started-at="2020-05-27T23:15:56Z" finished-at="2020-05-27T23:15:57Z">
          <reporter-output>
          </reporter-output>
        </test-method> <!-- C344257_Verify_Video_Url_Parameter_cmsid -->
        <test-method status="PASS" signature="C344258_Verify_Video_Url_Parameter_ttid()[pri:0, instance:twc.Regression.TestCases.regressionTestCases@3aca2579]" name="C344258_Verify_Video_Url_Parameter_ttid" duration-ms="633" started-at="2020-05-27T23:15:57Z" finished-at="2020-05-27T23:15:57Z">
          <reporter-output>
          </reporter-output>
        </test-method> <!-- C344258_Verify_Video_Url_Parameter_ttid -->
        <test-method status="PASS" signature="C344260_Verify_Video_Url_Parameter_lnid()[pri:0, instance:twc.Regression.TestCases.regressionTestCases@3aca2579]" name="C344260_Verify_Video_Url_Parameter_lnid" duration-ms="729" started-at="2020-05-27T23:15:57Z" finished-at="2020-05-27T23:15:58Z">
          <reporter-output>
          </reporter-output>
        </test-method> <!-- C344260_Verify_Video_Url_Parameter_lnid -->
        <test-method status="PASS" signature="C344259_Verify_Video_Url_Parameter_vid()[pri:0, instance:twc.Regression.TestCases.regressionTestCases@3aca2579]" name="C344259_Verify_Video_Url_Parameter_vid" duration-ms="622" started-at="2020-05-27T23:15:58Z" finished-at="2020-05-27T23:15:59Z">
          <reporter-output>
          </reporter-output>
        </test-method> <!-- C344259_Verify_Video_Url_Parameter_vid -->
        <test-method status="PASS" signature="C344261_Verify_Video_Url_Parameter_iu()[pri:0, instance:twc.Regression.TestCases.regressionTestCases@3aca2579]" name="C344261_Verify_Video_Url_Parameter_iu" duration-ms="648" started-at="2020-05-27T23:15:59Z" finished-at="2020-05-27T23:15:59Z">
          <reporter-output>
          </reporter-output>
        </test-method> <!-- C344261_Verify_Video_Url_Parameter_iu -->
        <test-method status="PASS" signature="C344261_Verify_DescriptionURL_Video()[pri:0, instance:twc.Regression.TestCases.regressionTestCases@3aca2579]" name="C344261_Verify_DescriptionURL_Video" duration-ms="488" started-at="2020-05-27T23:15:59Z" finished-at="2020-05-27T23:16:00Z">
          <reporter-output>
          </reporter-output>
        </test-method> <!-- C344261_Verify_DescriptionURL_Video -->
        <test-method status="PASS" signature="C344261_Verify_ContentURL_Video()[pri:0, instance:twc.Regression.TestCases.regressionTestCases@3aca2579]" name="C344261_Verify_ContentURL_Video" duration-ms="458" started-at="2020-05-27T23:16:00Z" finished-at="2020-05-27T23:16:00Z">
          <reporter-output>
          </reporter-output>
        </test-method> <!-- C344261_Verify_ContentURL_Video -->
        <test-method status="PASS" signature="C658716_Verify_cust_param_tf()[pri:0, instance:twc.Regression.TestCases.regressionTestCases@3aca2579]" name="C658716_Verify_cust_param_tf" duration-ms="8046" started-at="2020-05-27T23:16:00Z" finished-at="2020-05-27T23:16:08Z">
          <reporter-output>
          </reporter-output>
        </test-method> <!-- C658716_Verify_cust_param_tf -->
        <test-method status="PASS" signature="C333213_Verify_cust_param_adid()[pri:0, instance:twc.Regression.TestCases.regressionTestCases@3aca2579]" name="C333213_Verify_cust_param_adid" duration-ms="10918" started-at="2020-05-27T23:16:08Z" finished-at="2020-05-27T23:16:19Z">
          <reporter-output>
          </reporter-output>
        </test-method> <!-- C333213_Verify_cust_param_adid -->
        <test-method status="PASS" signature="C333213_Verify_cust_param_aid()[pri:0, instance:twc.Regression.TestCases.regressionTestCases@3aca2579]" name="C333213_Verify_cust_param_aid" duration-ms="10910" started-at="2020-05-27T23:16:19Z" finished-at="2020-05-27T23:16:30Z">
          <reporter-output>
          </reporter-output>
        </test-method> <!-- C333213_Verify_cust_param_aid -->
        <test-method status="PASS" signature="C333219_Verify_cust_param_st()[pri:0, instance:twc.Regression.TestCases.regressionTestCases@3aca2579]" name="C333219_Verify_cust_param_st" duration-ms="10949" started-at="2020-05-27T23:16:30Z" finished-at="2020-05-27T23:16:41Z">
          <reporter-output>
          </reporter-output>
        </test-method> <!-- C333219_Verify_cust_param_st -->
        <test-method status="PASS" signature="C333200_Verify_cust_param_ord()[pri:0, instance:twc.Regression.TestCases.regressionTestCases@3aca2579]" name="C333200_Verify_cust_param_ord" duration-ms="10981" started-at="2020-05-27T23:16:41Z" finished-at="2020-05-27T23:16:52Z">
          <reporter-output>
          </reporter-output>
        </test-method> <!-- C333200_Verify_cust_param_ord -->
        <test-method status="FAIL" signature="C333204_Verify_cust_param_rmid()[pri:0, instance:twc.Regression.TestCases.regressionTestCases@3aca2579]" name="C333204_Verify_cust_param_rmid" duration-ms="11252" started-at="2020-05-27T23:16:52Z" finished-at="2020-05-27T23:17:03Z">
          <exception class="java.lang.AssertionError">
            <message>
              <![CDATA[rmid Value not matched]]>
            </message>
            <full-stacktrace>
              <![CDATA[java.lang.AssertionError: rmid Value not matched
	at org.testng.Assert.fail(Assert.java:94)
	at twc.Regression.TestCases.Custom_Parameters_Verification.parameters_Verification(Custom_Parameters_Verification.java:585)
	at twc.Regression.TestCases.regressionTestCases.C333204_Verify_cust_param_rmid(regressionTestCases.java:123)
	at sun.reflect.NativeMethodAccessorImpl.invoke0(Native Method)
	at sun.reflect.NativeMethodAccessorImpl.invoke(NativeMethodAccessorImpl.java:62)
	at sun.reflect.DelegatingMethodAccessorImpl.invoke(DelegatingMethodAccessorImpl.java:43)
	at java.lang.reflect.Method.invoke(Method.java:498)
	at org.testng.internal.MethodInvocationHelper.invokeMethod(MethodInvocationHelper.java:85)
	at org.testng.internal.Invoker.invokeMethod(Invoker.java:659)
	at org.testng.internal.Invoker.invokeTestMethod(Invoker.java:845)
	at org.testng.internal.Invoker.invokeTestMethods(Invoker.java:1153)
	at org.testng.internal.TestMethodWorker.invokeTestMethods(TestMethodWorker.java:125)
	at org.testng.internal.TestMethodWorker.run(TestMethodWorker.java:108)
	at org.testng.TestRunner.privateRun(TestRunner.java:771)
	at org.testng.TestRunner.run(TestRunner.java:621)
	at org.testng.SuiteRunner.runTest(SuiteRunner.java:357)
	at org.testng.SuiteRunner.runSequentially(SuiteRunner.java:352)
	at org.testng.SuiteRunner.privateRun(SuiteRunner.java:310)
	at org.testng.SuiteRunner.run(SuiteRunner.java:259)
	at org.testng.SuiteRunnerWorker.runSuite(SuiteRunnerWorker.java:52)
	at org.testng.SuiteRunnerWorker.run(SuiteRunnerWorker.java:86)
	at org.testng.TestNG.runSuitesSequentially(TestNG.java:1199)
	at org.testng.TestNG.runSuitesLocally(TestNG.java:1124)
	at org.testng.TestNG.run(TestNG.java:1032)
	at org.testng.remote.AbstractRemoteTestNG.run(AbstractRemoteTestNG.java:115)
	at org.testng.remote.RemoteTestNG.initAndRun(RemoteTestNG.java:251)
	at org.testng.remote.RemoteTestNG.main(RemoteTestNG.java:77)
]]>
            </full-stacktrace>
          </exception> <!-- java.lang.AssertionError -->
          <reporter-output>
          </reporter-output>
        </test-method> <!-- C333204_Verify_cust_param_rmid -->
        <test-method status="PASS" signature="C333219_Verify_cust_param_ver()[pri:0, instance:twc.Regression.TestCases.regressionTestCases@3aca2579]" name="C333219_Verify_cust_param_ver" duration-ms="11658" started-at="2020-05-27T23:17:03Z" finished-at="2020-05-27T23:17:15Z">
          <reporter-output>
          </reporter-output>
        </test-method> <!-- C333219_Verify_cust_param_ver -->
        <test-method status="PASS" signature="C658711_Verify_cust_param_lang()[pri:0, instance:twc.Regression.TestCases.regressionTestCases@3aca2579]" name="C658711_Verify_cust_param_lang" duration-ms="12306" started-at="2020-05-27T23:17:15Z" finished-at="2020-05-27T23:17:27Z">
          <reporter-output>
          </reporter-output>
        </test-method> <!-- C658711_Verify_cust_param_lang -->
        <test-method status="PASS" signature="C658712_Verify_cust_param_plat()[pri:0, instance:twc.Regression.TestCases.regressionTestCases@3aca2579]" name="C658712_Verify_cust_param_plat" duration-ms="14688" started-at="2020-05-27T23:17:27Z" finished-at="2020-05-27T23:17:42Z">
          <reporter-output>
          </reporter-output>
        </test-method> <!-- C658712_Verify_cust_param_plat -->
        <test-method status="PASS" signature="C333218_Verify_cust_param_pos()[pri:0, instance:twc.Regression.TestCases.regressionTestCases@3aca2579]" name="C333218_Verify_cust_param_pos" duration-ms="17453" started-at="2020-05-27T23:17:42Z" finished-at="2020-05-27T23:17:59Z">
          <reporter-output>
          </reporter-output>
        </test-method> <!-- C333218_Verify_cust_param_pos -->
        <test-method status="PASS" signature="C333205_Verify_cust_param_tile()[pri:0, instance:twc.Regression.TestCases.regressionTestCases@3aca2579]" name="C333205_Verify_cust_param_tile" duration-ms="21423" started-at="2020-05-27T23:17:59Z" finished-at="2020-05-27T23:18:21Z">
          <reporter-output>
          </reporter-output>
        </test-method> <!-- C333205_Verify_cust_param_tile -->
        <test-method status="PASS" signature="C333212_Verify_cust_param_ct()[pri:0, instance:twc.Regression.TestCases.regressionTestCases@3aca2579]" name="C333212_Verify_cust_param_ct" duration-ms="25623" started-at="2020-05-27T23:18:21Z" finished-at="2020-05-27T23:18:47Z">
          <reporter-output>
          </reporter-output>
        </test-method> <!-- C333212_Verify_cust_param_ct -->
        <test-method status="PASS" signature="C333203_Verify_cust_param_dma()[pri:0, instance:twc.Regression.TestCases.regressionTestCases@3aca2579]" name="C333203_Verify_cust_param_dma" duration-ms="25383" started-at="2020-05-27T23:18:47Z" finished-at="2020-05-27T23:19:12Z">
          <reporter-output>
          </reporter-output>
        </test-method> <!-- C333203_Verify_cust_param_dma -->
        <test-method status="PASS" signature="C628160_Verify_Parameter_DyNght()[pri:0, instance:twc.Regression.TestCases.regressionTestCases@3aca2579]" name="C628160_Verify_Parameter_DyNght" duration-ms="20851" started-at="2020-05-27T23:19:12Z" finished-at="2020-05-27T23:19:33Z">
          <reporter-output>
          </reporter-output>
        </test-method> <!-- C628160_Verify_Parameter_DyNght -->
        <test-method status="PASS" signature="C333209_Verify_cust_param_cc()[pri:0, instance:twc.Regression.TestCases.regressionTestCases@3aca2579]" name="C333209_Verify_cust_param_cc" duration-ms="19802" started-at="2020-05-27T23:19:33Z" finished-at="2020-05-27T23:19:53Z">
          <reporter-output>
          </reporter-output>
        </test-method> <!-- C333209_Verify_cust_param_cc -->
        <test-method status="FAIL" signature="C333232_Verify_cust_param_fhic()[pri:0, instance:twc.Regression.TestCases.regressionTestCases@3aca2579]" name="C333232_Verify_cust_param_fhic" duration-ms="23409" started-at="2020-05-27T23:19:53Z" finished-at="2020-05-27T23:20:16Z">
          <exception class="java.lang.AssertionError">
            <message>
              <![CDATA[fhic Value not matched]]>
            </message>
            <full-stacktrace>
              <![CDATA[java.lang.AssertionError: fhic Value not matched
	at org.testng.Assert.fail(Assert.java:94)
	at twc.Regression.TestCases.Custom_Parameters_Verification.parameters_Verification(Custom_Parameters_Verification.java:631)
	at twc.Regression.TestCases.regressionTestCases.C333232_Verify_cust_param_fhic(regressionTestCases.java:220)
	at sun.reflect.NativeMethodAccessorImpl.invoke0(Native Method)
	at sun.reflect.NativeMethodAccessorImpl.invoke(NativeMethodAccessorImpl.java:62)
	at sun.reflect.DelegatingMethodAccessorImpl.invoke(DelegatingMethodAccessorImpl.java:43)
	at java.lang.reflect.Method.invoke(Method.java:498)
	at org.testng.internal.MethodInvocationHelper.invokeMethod(MethodInvocationHelper.java:85)
	at org.testng.internal.Invoker.invokeMethod(Invoker.java:659)
	at org.testng.internal.Invoker.invokeTestMethod(Invoker.java:845)
	at org.testng.internal.Invoker.invokeTestMethods(Invoker.java:1153)
	at org.testng.internal.TestMethodWorker.invokeTestMethods(TestMethodWorker.java:125)
	at org.testng.internal.TestMethodWorker.run(TestMethodWorker.java:108)
	at org.testng.TestRunner.privateRun(TestRunner.java:771)
	at org.testng.TestRunner.run(TestRunner.java:621)
	at org.testng.SuiteRunner.runTest(SuiteRunner.java:357)
	at org.testng.SuiteRunner.runSequentially(SuiteRunner.java:352)
	at org.testng.SuiteRunner.privateRun(SuiteRunner.java:310)
	at org.testng.SuiteRunner.run(SuiteRunner.java:259)
	at org.testng.SuiteRunnerWorker.runSuite(SuiteRunnerWorker.java:52)
	at org.testng.SuiteRunnerWorker.run(SuiteRunnerWorker.java:86)
	at org.testng.TestNG.runSuitesSequentially(TestNG.java:1199)
	at org.testng.TestNG.runSuitesLocally(TestNG.java:1124)
	at org.testng.TestNG.run(TestNG.java:1032)
	at org.testng.remote.AbstractRemoteTestNG.run(AbstractRemoteTestNG.java:115)
	at org.testng.remote.RemoteTestNG.initAndRun(RemoteTestNG.java:251)
	at org.testng.remote.RemoteTestNG.main(RemoteTestNG.java:77)
]]>
            </full-stacktrace>
          </exception> <!-- java.lang.AssertionError -->
          <reporter-output>
          </reporter-output>
        </test-method> <!-- C333232_Verify_cust_param_fhic -->
        <test-method status="PASS" signature="C333238_Verify_cust_param_floc()[pri:0, instance:twc.Regression.TestCases.regressionTestCases@3aca2579]" name="C333238_Verify_cust_param_floc" duration-ms="22442" started-at="2020-05-27T23:20:16Z" finished-at="2020-05-27T23:20:38Z">
          <reporter-output>
          </reporter-output>
        </test-method> <!-- C333238_Verify_cust_param_floc -->
        <test-method status="PASS" signature="C333208_Verify_cust_param_tmp()[pri:0, instance:twc.Regression.TestCases.regressionTestCases@3aca2579]" name="C333208_Verify_cust_param_tmp" duration-ms="28671" started-at="2020-05-27T23:20:38Z" finished-at="2020-05-27T23:21:07Z">
          <reporter-output>
          </reporter-output>
        </test-method> <!-- C333208_Verify_cust_param_tmp -->
        <test-method status="PASS" signature="C333217_Verify_cust_param_tmpr()[pri:0, instance:twc.Regression.TestCases.regressionTestCases@3aca2579]" name="C333217_Verify_cust_param_tmpr" duration-ms="40500" started-at="2020-05-27T23:21:07Z" finished-at="2020-05-27T23:21:48Z">
          <reporter-output>
          </reporter-output>
        </test-method> <!-- C333217_Verify_cust_param_tmpr -->
        <test-method status="PASS" signature="C333239_Verify_cust_param_tmpc()[pri:0, instance:twc.Regression.TestCases.regressionTestCases@3aca2579]" name="C333239_Verify_cust_param_tmpc" duration-ms="30513" started-at="2020-05-27T23:21:48Z" finished-at="2020-05-27T23:22:18Z">
          <reporter-output>
          </reporter-output>
        </test-method> <!-- C333239_Verify_cust_param_tmpc -->
        <test-method status="PASS" signature="C333202_Verify_cust_param_zip()[pri:0, instance:twc.Regression.TestCases.regressionTestCases@3aca2579]" name="C333202_Verify_cust_param_zip" duration-ms="22072" started-at="2020-05-27T23:22:18Z" finished-at="2020-05-27T23:22:40Z">
          <reporter-output>
          </reporter-output>
        </test-method> <!-- C333202_Verify_cust_param_zip -->
        <test-method status="FAIL" signature="C333207_Verify_cust_param_hmid()[pri:0, instance:twc.Regression.TestCases.regressionTestCases@3aca2579]" name="C333207_Verify_cust_param_hmid" duration-ms="25672" started-at="2020-05-27T23:22:40Z" finished-at="2020-05-27T23:23:06Z">
          <exception class="java.lang.AssertionError">
            <message>
              <![CDATA[hmid Value not matched]]>
            </message>
            <full-stacktrace>
              <![CDATA[java.lang.AssertionError: hmid Value not matched
	at org.testng.Assert.fail(Assert.java:94)
	at twc.Regression.TestCases.Custom_Parameters_Verification.parameters_Verification(Custom_Parameters_Verification.java:211)
	at twc.Regression.TestCases.regressionTestCases.C333207_Verify_cust_param_hmid(regressionTestCases.java:585)
	at sun.reflect.NativeMethodAccessorImpl.invoke0(Native Method)
	at sun.reflect.NativeMethodAccessorImpl.invoke(NativeMethodAccessorImpl.java:62)
	at sun.reflect.DelegatingMethodAccessorImpl.invoke(DelegatingMethodAccessorImpl.java:43)
	at java.lang.reflect.Method.invoke(Method.java:498)
	at org.testng.internal.MethodInvocationHelper.invokeMethod(MethodInvocationHelper.java:85)
	at org.testng.internal.Invoker.invokeMethod(Invoker.java:659)
	at org.testng.internal.Invoker.invokeTestMethod(Invoker.java:845)
	at org.testng.internal.Invoker.invokeTestMethods(Invoker.java:1153)
	at org.testng.internal.TestMethodWorker.invokeTestMethods(TestMethodWorker.java:125)
	at org.testng.internal.TestMethodWorker.run(TestMethodWorker.java:108)
	at org.testng.TestRunner.privateRun(TestRunner.java:771)
	at org.testng.TestRunner.run(TestRunner.java:621)
	at org.testng.SuiteRunner.runTest(SuiteRunner.java:357)
	at org.testng.SuiteRunner.runSequentially(SuiteRunner.java:352)
	at org.testng.SuiteRunner.privateRun(SuiteRunner.java:310)
	at org.testng.SuiteRunner.run(SuiteRunner.java:259)
	at org.testng.SuiteRunnerWorker.runSuite(SuiteRunnerWorker.java:52)
	at org.testng.SuiteRunnerWorker.run(SuiteRunnerWorker.java:86)
	at org.testng.TestNG.runSuitesSequentially(TestNG.java:1199)
	at org.testng.TestNG.runSuitesLocally(TestNG.java:1124)
	at org.testng.TestNG.run(TestNG.java:1032)
	at org.testng.remote.AbstractRemoteTestNG.run(AbstractRemoteTestNG.java:115)
	at org.testng.remote.RemoteTestNG.initAndRun(RemoteTestNG.java:251)
	at org.testng.remote.RemoteTestNG.main(RemoteTestNG.java:77)
]]>
            </full-stacktrace>
          </exception> <!-- java.lang.AssertionError -->
          <reporter-output>
          </reporter-output>
        </test-method> <!-- C333207_Verify_cust_param_hmid -->
        <test-method status="PASS" signature="C333221_Verify_cust_param_wind()[pri:0, instance:twc.Regression.TestCases.regressionTestCases@3aca2579]" name="C333221_Verify_cust_param_wind" duration-ms="26531" started-at="2020-05-27T23:23:06Z" finished-at="2020-05-27T23:23:32Z">
          <reporter-output>
          </reporter-output>
        </test-method> <!-- C333221_Verify_cust_param_wind -->
        <test-method status="PASS" signature="C333224_Verify_cust_param_uv()[pri:0, instance:twc.Regression.TestCases.regressionTestCases@3aca2579]" name="C333224_Verify_cust_param_uv" duration-ms="61918" started-at="2020-05-27T23:23:32Z" finished-at="2020-05-27T23:24:34Z">
          <reporter-output>
          </reporter-output>
        </test-method> <!-- C333224_Verify_cust_param_uv -->
        <test-method status="PASS" signature="C333232_Verify_cust_param_fltmpc()[pri:0, instance:twc.Regression.TestCases.regressionTestCases@3aca2579]" name="C333232_Verify_cust_param_fltmpc" duration-ms="59886" started-at="2020-05-27T23:24:34Z" finished-at="2020-05-27T23:25:34Z">
          <reporter-output>
          </reporter-output>
        </test-method> <!-- C333232_Verify_cust_param_fltmpc -->
        <test-method status="PASS" signature="C333228_Verify_cust_param_wfxtg()[pri:0, instance:twc.Regression.TestCases.regressionTestCases@3aca2579]" name="C333228_Verify_cust_param_wfxtg" duration-ms="17965" started-at="2020-05-27T23:25:34Z" finished-at="2020-05-27T23:25:52Z">
          <reporter-output>
          </reporter-output>
        </test-method> <!-- C333228_Verify_cust_param_wfxtg -->
        <test-method status="FAIL" signature="C333214_Verify_cust_param_hlzip()[pri:0, instance:twc.Regression.TestCases.regressionTestCases@3aca2579]" name="C333214_Verify_cust_param_hlzip" duration-ms="389334" started-at="2020-05-27T23:25:52Z" finished-at="2020-05-27T23:32:21Z">
          <exception class="java.lang.NullPointerException">
            <full-stacktrace>
              <![CDATA[java.lang.NullPointerException
	at twc.Regression.TestCases.Custom_Parameters_Verification.parameters_Verification(Custom_Parameters_Verification.java:390)
	at twc.Regression.TestCases.regressionTestCases.C333214_Verify_cust_param_hlzip(regressionTestCases.java:286)
	at sun.reflect.NativeMethodAccessorImpl.invoke0(Native Method)
	at sun.reflect.NativeMethodAccessorImpl.invoke(NativeMethodAccessorImpl.java:62)
	at sun.reflect.DelegatingMethodAccessorImpl.invoke(DelegatingMethodAccessorImpl.java:43)
	at java.lang.reflect.Method.invoke(Method.java:498)
	at org.testng.internal.MethodInvocationHelper.invokeMethod(MethodInvocationHelper.java:85)
	at org.testng.internal.Invoker.invokeMethod(Invoker.java:659)
	at org.testng.internal.Invoker.invokeTestMethod(Invoker.java:845)
	at org.testng.internal.Invoker.invokeTestMethods(Invoker.java:1153)
	at org.testng.internal.TestMethodWorker.invokeTestMethods(TestMethodWorker.java:125)
	at org.testng.internal.TestMethodWorker.run(TestMethodWorker.java:108)
	at org.testng.TestRunner.privateRun(TestRunner.java:771)
	at org.testng.TestRunner.run(TestRunner.java:621)
	at org.testng.SuiteRunner.runTest(SuiteRunner.java:357)
	at org.testng.SuiteRunner.runSequentially(SuiteRunner.java:352)
	at org.testng.SuiteRunner.privateRun(SuiteRunner.java:310)
	at org.testng.SuiteRunner.run(SuiteRunner.java:259)
	at org.testng.SuiteRunnerWorker.runSuite(SuiteRunnerWorker.java:52)
	at org.testng.SuiteRunnerWorker.run(SuiteRunnerWorker.java:86)
	at org.testng.TestNG.runSuitesSequentially(TestNG.java:1199)
	at org.testng.TestNG.runSuitesLocally(TestNG.java:1124)
	at org.testng.TestNG.run(TestNG.java:1032)
	at org.testng.remote.AbstractRemoteTestNG.run(AbstractRemoteTestNG.java:115)
	at org.testng.remote.RemoteTestNG.initAndRun(RemoteTestNG.java:251)
	at org.testng.remote.RemoteTestNG.main(RemoteTestNG.java:77)
]]>
            </full-stacktrace>
          </exception> <!-- java.lang.NullPointerException -->
          <reporter-output>
          </reporter-output>
        </test-method> <!-- C333214_Verify_cust_param_hlzip -->
        <test-method status="PASS" signature="C333211_Verify_cust_param_locale()[pri:0, instance:twc.Regression.TestCases.regressionTestCases@3aca2579]" name="C333211_Verify_cust_param_locale" duration-ms="11469" started-at="2020-05-27T23:32:21Z" finished-at="2020-05-27T23:32:33Z">
          <reporter-output>
          </reporter-output>
        </test-method> <!-- C333211_Verify_cust_param_locale -->
        <test-method status="FAIL" signature="C333223_Verify_cust_param_sev()[pri:0, instance:twc.Regression.TestCases.regressionTestCases@3aca2579]" name="C333223_Verify_cust_param_sev" duration-ms="430" started-at="2020-05-27T23:32:33Z" finished-at="2020-05-27T23:32:33Z">
          <exception class="java.lang.NullPointerException">
            <full-stacktrace>
              <![CDATA[java.lang.NullPointerException
	at twc.Regression.CustomParamValidation.CustomParamFunctions.validate_results(CustomParamFunctions.java:46)
	at twc.Regression.TestCases.Custom_Parameters_Verification.parameters_Verification(Custom_Parameters_Verification.java:646)
	at twc.Regression.TestCases.regressionTestCases.C333223_Verify_cust_param_sev(regressionTestCases.java:360)
	at sun.reflect.NativeMethodAccessorImpl.invoke0(Native Method)
	at sun.reflect.NativeMethodAccessorImpl.invoke(NativeMethodAccessorImpl.java:62)
	at sun.reflect.DelegatingMethodAccessorImpl.invoke(DelegatingMethodAccessorImpl.java:43)
	at java.lang.reflect.Method.invoke(Method.java:498)
	at org.testng.internal.MethodInvocationHelper.invokeMethod(MethodInvocationHelper.java:85)
	at org.testng.internal.Invoker.invokeMethod(Invoker.java:659)
	at org.testng.internal.Invoker.invokeTestMethod(Invoker.java:845)
	at org.testng.internal.Invoker.invokeTestMethods(Invoker.java:1153)
	at org.testng.internal.TestMethodWorker.invokeTestMethods(TestMethodWorker.java:125)
	at org.testng.internal.TestMethodWorker.run(TestMethodWorker.java:108)
	at org.testng.TestRunner.privateRun(TestRunner.java:771)
	at org.testng.TestRunner.run(TestRunner.java:621)
	at org.testng.SuiteRunner.runTest(SuiteRunner.java:357)
	at org.testng.SuiteRunner.runSequentially(SuiteRunner.java:352)
	at org.testng.SuiteRunner.privateRun(SuiteRunner.java:310)
	at org.testng.SuiteRunner.run(SuiteRunner.java:259)
	at org.testng.SuiteRunnerWorker.runSuite(SuiteRunnerWorker.java:52)
	at org.testng.SuiteRunnerWorker.run(SuiteRunnerWorker.java:86)
	at org.testng.TestNG.runSuitesSequentially(TestNG.java:1199)
	at org.testng.TestNG.runSuitesLocally(TestNG.java:1124)
	at org.testng.TestNG.run(TestNG.java:1032)
	at org.testng.remote.AbstractRemoteTestNG.run(AbstractRemoteTestNG.java:115)
	at org.testng.remote.RemoteTestNG.initAndRun(RemoteTestNG.java:251)
	at org.testng.remote.RemoteTestNG.main(RemoteTestNG.java:77)
]]>
            </full-stacktrace>
          </exception> <!-- java.lang.NullPointerException -->
          <reporter-output>
          </reporter-output>
        </test-method> <!-- C333223_Verify_cust_param_sev -->
        <test-method status="PASS" signature="After_Test()[pri:0, instance:twc.Regression.TestCases.regressionTestCases@3aca2579]" name="After_Test" is-config="true" duration-ms="0" started-at="2020-05-27T23:32:33Z" finished-at="2020-05-27T23:32:33Z">
          <reporter-output>
          </reporter-output>
        </test-method> <!-- After_Test -->
      </class> <!-- twc.Regression.TestCases.regressionTestCases -->
    </test> <!-- Default test -->
  </suite> <!-- Default suite -->
</testng-results>
