-------------------------------------------------------------------------------
Test set: TestSuite
-------------------------------------------------------------------------------
Tests run: 32, Failures: 9, Errors: 0, Skipped: 0, Time elapsed: 537.692 sec <<< FAILURE!
C333213_Verify_cust_param_aid(twc.Regression.TestCases.regressionTestCases)  Time elapsed: 4.768 sec  <<< FAILURE!
java.lang.AssertionError: aid Value not matched
	at org.testng.Assert.fail(Assert.java:94)
	at twc.Regression.TestCases.Custom_Parameters_Verification.parameters_Verification(Custom_Parameters_Verification.java:482)
	at twc.Regression.TestCases.regressionTestCases.C333213_Verify_cust_param_aid(regressionTestCases.java:159)

C333226_Verify_cust_param_st(twc.Regression.TestCases.regressionTestCases)  Time elapsed: 3.136 sec  <<< FAILURE!
java.lang.AssertionError: st Value not matched
	at org.testng.Assert.fail(Assert.java:94)
	at twc.Regression.TestCases.Custom_Parameters_Verification.parameters_Verification(Custom_Parameters_Verification.java:292)
	at twc.Regression.TestCases.regressionTestCases.C333226_Verify_cust_param_st(regressionTestCases.java:233)

C333213_Verify_cust_param_adid(twc.Regression.TestCases.regressionTestCases)  Time elapsed: 3.626 sec  <<< FAILURE!
java.lang.AssertionError: adid Value not matched
	at org.testng.Assert.fail(Assert.java:94)
	at twc.Regression.TestCases.Custom_Parameters_Verification.parameters_Verification(Custom_Parameters_Verification.java:512)
	at twc.Regression.TestCases.regressionTestCases.C333213_Verify_cust_param_adid(regressionTestCases.java:242)

C628160_Verify_Parameter_DyNght(twc.Regression.TestCases.regressionTestCases)  Time elapsed: 3.057 sec  <<< FAILURE!
java.lang.AssertionError: dynght Value not matched
	at org.testng.Assert.fail(Assert.java:94)
	at twc.Regression.TestCases.Custom_Parameters_Verification.parameters_Verification(Custom_Parameters_Verification.java:602)
	at twc.Regression.TestCases.regressionTestCases.C628160_Verify_Parameter_DyNght(regressionTestCases.java:486)

C333208_Verify_cust_param_tmp(twc.Regression.TestCases.regressionTestCases)  Time elapsed: 4.744 sec  <<< FAILURE!
java.lang.AssertionError: tmp Value not matched
	at org.testng.Assert.fail(Assert.java:94)
	at twc.Regression.TestCases.Custom_Parameters_Verification.parameters_Verification(Custom_Parameters_Verification.java:169)
	at twc.Regression.TestCases.regressionTestCases.C333208_Verify_cust_param_tmp(regressionTestCases.java:344)

C333217_Verify_cust_param_tmpr(twc.Regression.TestCases.regressionTestCases)  Time elapsed: 4.336 sec  <<< FAILURE!
java.lang.AssertionError: tmpr Value not matched
	at org.testng.Assert.fail(Assert.java:94)
	at twc.Regression.TestCases.Custom_Parameters_Verification.parameters_Verification(Custom_Parameters_Verification.java:178)
	at twc.Regression.TestCases.regressionTestCases.C333217_Verify_cust_param_tmpr(regressionTestCases.java:351)

C333216_Verify_cust_param_cnd(twc.Regression.TestCases.regressionTestCases)  Time elapsed: 4.499 sec  <<< FAILURE!
java.lang.AssertionError: cnd Value not matched
	at org.testng.Assert.fail(Assert.java:94)
	at twc.Regression.TestCases.Custom_Parameters_Verification.parameters_Verification(Custom_Parameters_Verification.java:192)
	at twc.Regression.TestCases.regressionTestCases.C333216_Verify_cust_param_cnd(regressionTestCases.java:359)

C333207_Verify_cust_param_hmid(twc.Regression.TestCases.regressionTestCases)  Time elapsed: 4.119 sec  <<< FAILURE!
java.lang.AssertionError: hmid Value not matched
	at org.testng.Assert.fail(Assert.java:94)
	at twc.Regression.TestCases.Custom_Parameters_Verification.parameters_Verification(Custom_Parameters_Verification.java:211)
	at twc.Regression.TestCases.regressionTestCases.C333207_Verify_cust_param_hmid(regressionTestCases.java:368)

C333221_Verify_cust_param_wind(twc.Regression.TestCases.regressionTestCases)  Time elapsed: 4.124 sec  <<< FAILURE!
java.lang.AssertionError: wind Value not matched
	at org.testng.Assert.fail(Assert.java:94)
	at twc.Regression.TestCases.Custom_Parameters_Verification.parameters_Verification(Custom_Parameters_Verification.java:220)
	at twc.Regression.TestCases.regressionTestCases.C333221_Verify_cust_param_wind(regressionTestCases.java:376)

