-------------------------------------------------------------------------------
Test set: TestSuite
-------------------------------------------------------------------------------
Tests run: 77, Failures: 70, Errors: 0, Skipped: 0, Time elapsed: 2,135.55 sec <<< FAILURE!
Smoke_Test_amazon_aax_home_screen_today_preload_adcall__iu(twc.Automation.SmokeTestCases.smokeTestCases)  Time elapsed: 321.769 sec  <<< FAILURE!
java.lang.AssertionError: slotID 69c843c-7cf8-47ae-b6ed-088057e4bc8a is not trigred for aax call db_display/home_screen/today
	at org.testng.Assert.fail(Assert.java:94)
	at twc.Automation.General.Functions.get_aaxcal_homescreen_today(Functions.java:2769)
	at twc.Automation.SmokeTestCases.smokeTestCases.Smoke_Test_amazon_aax_home_screen_today_preload_adcall__iu(smokeTestCases.java:65)

Smoke_Test_amazon_aax_rader_card_preload_adcall(twc.Automation.SmokeTestCases.smokeTestCases)  Time elapsed: 0.117 sec  <<< FAILURE!
java.lang.AssertionError: slotID 752a96eb-3198-4991-b572-17ec04883b6c is not trigred for aax call db_display/card/radar
	at org.testng.Assert.fail(Assert.java:94)
	at twc.Automation.General.Functions.get_aaxcal_radar(Functions.java:2795)
	at twc.Automation.SmokeTestCases.smokeTestCases.Smoke_Test_amazon_aax_rader_card_preload_adcall(smokeTestCases.java:73)

Smoke_Test_amazon_aax_AQ_card_preload_adcall(twc.Automation.SmokeTestCases.smokeTestCases)  Time elapsed: 0.056 sec  <<< FAILURE!
java.lang.AssertionError: slotID 9384272f-b27f-4686-935f-02e6c5763abd is not trigred for aax calldb_display/card/aq
	at org.testng.Assert.fail(Assert.java:94)
	at twc.Automation.General.Functions.get_aaxcal_AirQuality(Functions.java:2782)
	at twc.Automation.SmokeTestCases.smokeTestCases.Smoke_Test_amazon_aax_AQ_card_preload_adcall(smokeTestCases.java:81)

Smoke_Test_amazon_aax_Hourly_preload_adcall(twc.Automation.SmokeTestCases.smokeTestCases)  Time elapsed: 0.053 sec  <<< FAILURE!
java.lang.AssertionError: slotID 9be28769-4207-4d51-8063-dc8e645383b2 is not trigred for aax call db_display/details/hourly
	at org.testng.Assert.fail(Assert.java:94)
	at twc.Automation.General.Functions.get_aaxcal_Hourly(Functions.java:2808)
	at twc.Automation.SmokeTestCases.smokeTestCases.Smoke_Test_amazon_aax_Hourly_preload_adcall(smokeTestCases.java:89)

Smoke_Test_amazon_aax_Daily_preload_adcall(twc.Automation.SmokeTestCases.smokeTestCases)  Time elapsed: 0.071 sec  <<< FAILURE!
java.lang.AssertionError: slotID f063079f-11ac-45b5-b4fc-bb76d54b50b2 is not trigred for aax call db_display/details/10day
	at org.testng.Assert.fail(Assert.java:94)
	at twc.Automation.General.Functions.get_aaxcal_Daily(Functions.java:2821)
	at twc.Automation.SmokeTestCases.smokeTestCases.Smoke_Test_amazon_aax_Daily_preload_adcall(smokeTestCases.java:97)

Smoke_Test_amazon_aax_mapsdetails_preload_adcall(twc.Automation.SmokeTestCases.smokeTestCases)  Time elapsed: 0.057 sec  <<< FAILURE!
java.lang.AssertionError: slotID 5db1161b-b504-4640-9496-dfe6284f84ab is not trigred for aax call db_display/details/maps
	at org.testng.Assert.fail(Assert.java:94)
	at twc.Automation.General.Functions.get_aaxcal_map_details(Functions.java:2834)
	at twc.Automation.SmokeTestCases.smokeTestCases.Smoke_Test_amazon_aax_mapsdetails_preload_adcall(smokeTestCases.java:106)

Smoke_Test_CaseVerify_adcrwdcntrlnet_url(twc.Automation.SmokeTestCases.smokeTestCases)  Time elapsed: 0.063 sec  <<< FAILURE!
java.lang.AssertionError: https://ad.crwdcntrl.net/ url was not trigred
	at org.testng.Assert.fail(Assert.java:94)
	at twc.Automation.General.Functions.validating_adcrw(Functions.java:2684)
	at twc.Automation.SmokeTestCases.smokeTestCases.Smoke_Test_CaseVerify_adcrwdcntrlnet_url(smokeTestCases.java:139)

Smoke_Test_Case_Verify_Video_adCalll(twc.Automation.SmokeTestCases.smokeTestCases)  Time elapsed: 341.243 sec  <<< FAILURE!
org.openqa.selenium.NoSuchElementException: An element could not be located on the page using the given search parameters. (WARNING: The server did not provide any stacktrace information)
Command duration or timeout: 60.79 seconds
For documentation on this error, please visit: http://seleniumhq.org/exceptions/no_such_element.html
Build info: version: '2.51.0', revision: '1af067dbcaedd7d2ab9af5151fc471d363d97193', time: '2016-02-05 11:20:57'
System info: host: 'Aswinikumars-MacBook-Pro.local', ip: '192.168.1.5', os.name: 'Mac OS X', os.arch: 'x86_64', os.version: '10.14.6', java.version: '1.8.0_181'
Driver info: io.appium.java_client.android.AndroidDriver
Capabilities [{appPackage=com.weather.Weather, statBarHeight=98, noReset=true, viewportRect={top=98, left=0, width=1440, height=2614}, deviceName=803KPXV1599674, platform=LINUX, deviceUDID=803KPXV1599674, desired={app=/Users/aswinikumar/Documents/adsandroid-automation-master/Android_Smoke/APKFile/The_Weather_Channel_DEBUG (22).apk, appPackage=com.weather.Weather, appium-version=1.4.13, noReset=true, newCommandTimeout=100000, platformVersion=10.0, platformName=Android, deviceName=Samsung}, appium-version=1.4.13, newCommandTimeout=100000, platformVersion=10, webStorageEnabled=false, takesScreenshot=true, javascriptEnabled=true, platformName=Android, deviceApiLevel=29, deviceManufacturer=Google, app=/Users/aswinikumar/Documents/adsandroid-automation-master/Android_Smoke/APKFile/The_Weather_Channel_DEBUG (22).apk, deviceScreenSize=1440x2880, networkConnectionEnabled=true, warnings={}, databaseEnabled=false, pixelRatio=3.5, locationContextEnabled=false, deviceScreenDensity=560, deviceModel=Pixel 2 XL}]
Session ID: e1304691-2ee2-4e6a-9b18-90e4373c1e28
*** Element info: {Using=id, value=com.weather.Weather:id/mapBig}
	at sun.reflect.NativeConstructorAccessorImpl.newInstance0(Native Method)
	at sun.reflect.NativeConstructorAccessorImpl.newInstance(NativeConstructorAccessorImpl.java:62)
	at sun.reflect.DelegatingConstructorAccessorImpl.newInstance(DelegatingConstructorAccessorImpl.java:45)
	at java.lang.reflect.Constructor.newInstance(Constructor.java:423)
	at org.openqa.selenium.remote.ErrorHandler.createThrowable(ErrorHandler.java:206)
	at org.openqa.selenium.remote.ErrorHandler.throwIfResponseFailed(ErrorHandler.java:158)
	at org.openqa.selenium.remote.RemoteWebDriver.execute(RemoteWebDriver.java:678)
	at io.appium.java_client.DefaultGenericMobileDriver.execute(DefaultGenericMobileDriver.java:42)
	at io.appium.java_client.AppiumDriver.execute(AppiumDriver.java:1)
	at io.appium.java_client.android.AndroidDriver.execute(AndroidDriver.java:1)
	at org.openqa.selenium.remote.RemoteWebDriver.findElement(RemoteWebDriver.java:363)
	at org.openqa.selenium.remote.RemoteWebDriver.findElementById(RemoteWebDriver.java:413)
	at io.appium.java_client.DefaultGenericMobileDriver.findElementById(DefaultGenericMobileDriver.java:62)
	at io.appium.java_client.AppiumDriver.findElementById(AppiumDriver.java:1)
	at io.appium.java_client.android.AndroidDriver.findElementById(AndroidDriver.java:1)
	at twc.Automation.HandleWithAppium.AppiumFunctions.clickOnRadarMaps(AppiumFunctions.java:464)
	at twc.Automation.SmokeTestCases.smokeTestCases.Smoke_Test_Case_Verify_Video_adCalll(smokeTestCases.java:180)

Smoke_Test_CaseVerify_Radar_Maps_feedcard_adcall(twc.Automation.SmokeTestCases.smokeTestCases)  Time elapsed: 0.009 sec  <<< FAILURE!
java.lang.NullPointerException
	at twc.Automation.ReadDataFromFile.read_xml_data_into_buffer.read_xml_file_into_buffer_string(read_xml_data_into_buffer.java:47)
	at twc.Automation.General.Functions.finding_Radar_Map_feedcard_iu_value(Functions.java:2376)
	at twc.Automation.SmokeTestCases.smokeTestCases.Smoke_Test_CaseVerify_Radar_Maps_feedcard_adcall(smokeTestCases.java:219)

Smoke_Test_CaseVerify_Radar_Maps_deatailscard_adcall(twc.Automation.SmokeTestCases.smokeTestCases)  Time elapsed: 0.007 sec  <<< FAILURE!
java.lang.NullPointerException
	at twc.Automation.ReadDataFromFile.read_xml_data_into_buffer.read_xml_file_into_buffer_string(read_xml_data_into_buffer.java:47)
	at twc.Automation.General.Functions.finding_Radar_Map_card_iu_value(Functions.java:2358)
	at twc.Automation.SmokeTestCases.smokeTestCases.Smoke_Test_CaseVerify_Radar_Maps_deatailscard_adcall(smokeTestCases.java:228)

Smoke_Test_CaseVerify_Health_Activities_feed_adcall(twc.Automation.SmokeTestCases.smokeTestCases)  Time elapsed: 0.008 sec  <<< FAILURE!
java.lang.NullPointerException
	at twc.Automation.ReadDataFromFile.read_xml_data_into_buffer.read_xml_file_into_buffer_string(read_xml_data_into_buffer.java:47)
	at twc.Automation.General.Functions.finding_H_C_adcalL_iu(Functions.java:2413)
	at twc.Automation.SmokeTestCases.smokeTestCases.Smoke_Test_CaseVerify_Health_Activities_feed_adcall(smokeTestCases.java:256)

Smoke_Test_Verify_health_and_activities_Running_spotlight_adcall_iu(twc.Automation.SmokeTestCases.smokeTestCases)  Time elapsed: 0.006 sec  <<< FAILURE!
java.lang.NullPointerException
	at twc.Automation.ReadDataFromFile.read_xml_data_into_buffer.read_xml_file_into_buffer_string(read_xml_data_into_buffer.java:47)
	at twc.Automation.General.Functions.health_and_activities_Running_spotlight_adcall_iu(Functions.java:2468)
	at twc.Automation.SmokeTestCases.smokeTestCases.Smoke_Test_Verify_health_and_activities_Running_spotlight_adcall_iu(smokeTestCases.java:263)

Smoke_Test_Verify_health_and_activities_Bot_beach_detailpage_adcall_iu(twc.Automation.SmokeTestCases.smokeTestCases)  Time elapsed: 0.005 sec  <<< FAILURE!
java.lang.NullPointerException
	at twc.Automation.ReadDataFromFile.read_xml_data_into_buffer.read_xml_file_into_buffer_string(read_xml_data_into_buffer.java:47)
	at twc.Automation.General.Functions.health_and_activities_Boat_beach_detailpage_adcall_iu(Functions.java:2503)
	at twc.Automation.SmokeTestCases.smokeTestCases.Smoke_Test_Verify_health_and_activities_Bot_beach_detailpage_adcall_iu(smokeTestCases.java:271)

Smoke_Test_Verify_health_and_activities_Allergy_detailpage_adcall_iu(twc.Automation.SmokeTestCases.smokeTestCases)  Time elapsed: 0.007 sec  <<< FAILURE!
java.lang.NullPointerException
	at twc.Automation.ReadDataFromFile.read_xml_data_into_buffer.read_xml_file_into_buffer_string(read_xml_data_into_buffer.java:47)
	at twc.Automation.General.Functions.health_and_activities_Allergy_detailpage_adcall_iu(Functions.java:2521)
	at twc.Automation.SmokeTestCases.smokeTestCases.Smoke_Test_Verify_health_and_activities_Allergy_detailpage_adcall_iu(smokeTestCases.java:279)

Smoke_Test_Verify_health_and_activities_cold_flu_Spotlight_adcall_iu(twc.Automation.SmokeTestCases.smokeTestCases)  Time elapsed: 0.006 sec  <<< FAILURE!
java.lang.NullPointerException
	at twc.Automation.ReadDataFromFile.read_xml_data_into_buffer.read_xml_file_into_buffer_string(read_xml_data_into_buffer.java:47)
	at twc.Automation.General.Functions.health_and_activities_Cold_Flu_detailpage_adcall_iu(Functions.java:2539)
	at twc.Automation.SmokeTestCases.smokeTestCases.Smoke_Test_Verify_health_and_activities_cold_flu_Spotlight_adcall_iu(smokeTestCases.java:287)

Smoke_Test_Verify_SeasonalHub_detailpage_adcall_iu(twc.Automation.SmokeTestCases.smokeTestCases)  Time elapsed: 0.008 sec  <<< FAILURE!
java.lang.NullPointerException
	at twc.Automation.ReadDataFromFile.read_xml_data_into_buffer.read_xml_file_into_buffer_string(read_xml_data_into_buffer.java:47)
	at twc.Automation.General.Functions.Verify_SH_detailpage_adcall_iu(Functions.java:4027)
	at twc.Automation.SmokeTestCases.smokeTestCases.Smoke_Test_Verify_SeasonalHub_detailpage_adcall_iu(smokeTestCases.java:297)

Smoke_Test_Verify_WatsonFlu_adcall(twc.Automation.SmokeTestCases.smokeTestCases)  Time elapsed: 0.007 sec  <<< FAILURE!
java.lang.NullPointerException
	at twc.Automation.ReadDataFromFile.read_xml_data_into_buffer.read_xml_file_into_buffer_string(read_xml_data_into_buffer.java:47)
	at twc.Automation.General.Functions.finding_watsonFlu_card_iu_value(Functions.java:4046)
	at twc.Automation.SmokeTestCases.smokeTestCases.Smoke_Test_Verify_WatsonFlu_adcall(smokeTestCases.java:307)

Smoke_Test_Verify_amazon_aax_Running_Bigbanner_ad(twc.Automation.SmokeTestCases.smokeTestCases)  Time elapsed: 0.006 sec  <<< FAILURE!
java.lang.NullPointerException
	at twc.Automation.ReadDataFromFile.read_xml_data_into_buffer.read_xml_file_into_buffer_string(read_xml_data_into_buffer.java:47)
	at twc.Automation.General.Functions.get_aaxcal_Running_Bigbanner(Functions.java:2960)
	at twc.Automation.SmokeTestCases.smokeTestCases.Smoke_Test_Verify_amazon_aax_Running_Bigbanner_ad(smokeTestCases.java:334)

Smoke_Test_CaseVerify_seasonalhub_feed_adcall(twc.Automation.SmokeTestCases.smokeTestCases)  Time elapsed: 0.01 sec  <<< FAILURE!
java.lang.NullPointerException
	at twc.Automation.ReadDataFromFile.read_xml_data_into_buffer.read_xml_file_into_buffer_string(read_xml_data_into_buffer.java:47)
	at twc.Automation.General.Functions.finding_Seasonalhub_adcalL_iu(Functions.java:2432)
	at twc.Automation.SmokeTestCases.smokeTestCases.Smoke_Test_CaseVerify_seasonalhub_feed_adcall(smokeTestCases.java:350)

Smoke_Test_Verify_health_and_activities_Air_Quality_detailpage_adcall_iu(twc.Automation.SmokeTestCases.smokeTestCases)  Time elapsed: 0.008 sec  <<< FAILURE!
java.lang.NullPointerException
	at twc.Automation.ReadDataFromFile.read_xml_data_into_buffer.read_xml_file_into_buffer_string(read_xml_data_into_buffer.java:47)
	at twc.Automation.General.Functions.health_and_activities_AirQuality_detailpage_adcall_iu(Functions.java:2556)
	at twc.Automation.SmokeTestCases.smokeTestCases.Smoke_Test_Verify_health_and_activities_Air_Quality_detailpage_adcall_iu(smokeTestCases.java:358)

Smoke_Test_Verify_News_detailpage_adcall_iu(twc.Automation.SmokeTestCases.smokeTestCases)  Time elapsed: 0.007 sec  <<< FAILURE!
java.lang.NullPointerException
	at twc.Automation.ReadDataFromFile.read_xml_data_into_buffer.read_xml_file_into_buffer_string(read_xml_data_into_buffer.java:47)
	at twc.Automation.General.Functions.Verify_News_detailpage_adcall_iu(Functions.java:2590)
	at twc.Automation.SmokeTestCases.smokeTestCases.Smoke_Test_Verify_News_detailpage_adcall_iu(smokeTestCases.java:374)

Smoke_Test_Verify_News_hurricane_detail_adcall_iu(twc.Automation.SmokeTestCases.smokeTestCases)  Time elapsed: 0.007 sec  <<< FAILURE!
java.lang.NullPointerException
	at twc.Automation.ReadDataFromFile.read_xml_data_into_buffer.read_xml_file_into_buffer_string(read_xml_data_into_buffer.java:47)
	at twc.Automation.General.Functions.Verify_Hurricane_detailpage_adcall_iu(Functions.java:2573)
	at twc.Automation.SmokeTestCases.smokeTestCases.Smoke_Test_Verify_News_hurricane_detail_adcall_iu(smokeTestCases.java:382)

Smoke_Test_Verify_daily_card_adcall_iu(twc.Automation.SmokeTestCases.smokeTestCases)  Time elapsed: 0.007 sec  <<< FAILURE!
java.lang.NullPointerException
	at twc.Automation.ReadDataFromFile.read_xml_data_into_buffer.read_xml_file_into_buffer_string(read_xml_data_into_buffer.java:47)
	at twc.Automation.General.Functions.Verify_dailycard_iu(Functions.java:2625)
	at twc.Automation.SmokeTestCases.smokeTestCases.Smoke_Test_Verify_daily_card_adcall_iu(smokeTestCases.java:398)

Smoke_Test_CaseVerify_AQ_aax_amazon_adcalll(twc.Automation.SmokeTestCases.smokeTestCases)  Time elapsed: 0.006 sec  <<< FAILURE!
java.lang.NullPointerException
	at twc.Automation.ReadDataFromFile.read_xml_data_into_buffer.read_xml_file_into_buffer_string(read_xml_data_into_buffer.java:47)
	at twc.Automation.General.Functions.get_aaxcal_AQ(Functions.java:2919)
	at twc.Automation.SmokeTestCases.smokeTestCases.Smoke_Test_CaseVerify_AQ_aax_amazon_adcalll(smokeTestCases.java:407)

Smoke_Test_CaseVerify_news_aax_amazon_adcalll(twc.Automation.SmokeTestCases.smokeTestCases)  Time elapsed: 0.005 sec  <<< FAILURE!
java.lang.NullPointerException
	at twc.Automation.ReadDataFromFile.read_xml_data_into_buffer.read_xml_file_into_buffer_string(read_xml_data_into_buffer.java:47)
	at twc.Automation.General.Functions.get_aaxcal_news(Functions.java:2933)
	at twc.Automation.SmokeTestCases.smokeTestCases.Smoke_Test_CaseVerify_news_aax_amazon_adcalll(smokeTestCases.java:416)

Smoke_Test_Verify_hourly_detailpage_adcall_iu(twc.Automation.SmokeTestCases.smokeTestCases)  Time elapsed: 0.006 sec  <<< FAILURE!
java.lang.NullPointerException
	at twc.Automation.ReadDataFromFile.read_xml_data_into_buffer.read_xml_file_into_buffer_string(read_xml_data_into_buffer.java:47)
	at twc.Automation.General.Functions.Verify_hourly_detailpage_adcall_iu(Functions.java:2607)
	at twc.Automation.SmokeTestCases.smokeTestCases.Smoke_Test_Verify_hourly_detailpage_adcall_iu(smokeTestCases.java:426)

Smoke_Test_CaseVerify_hurricane_detal_aax_adcalll(twc.Automation.SmokeTestCases.smokeTestCases)  Time elapsed: 0.005 sec  <<< FAILURE!
java.lang.NullPointerException
	at twc.Automation.ReadDataFromFile.read_xml_data_into_buffer.read_xml_file_into_buffer_string(read_xml_data_into_buffer.java:47)
	at twc.Automation.General.Functions.get_aaxcal_hurricanedetails(Functions.java:2947)
	at twc.Automation.SmokeTestCases.smokeTestCases.Smoke_Test_CaseVerify_hurricane_detal_aax_adcalll(smokeTestCases.java:434)

Smoke_Test_Verify_PrivacyCard_onScreen(twc.Automation.SmokeTestCases.smokeTestCases)  Time elapsed: 25.114 sec  <<< FAILURE!
org.openqa.selenium.InvalidElementStateException: Swipe did not complete successfully (WARNING: The server did not provide any stacktrace information)
Command duration or timeout: 853 milliseconds
Build info: version: '2.51.0', revision: '1af067dbcaedd7d2ab9af5151fc471d363d97193', time: '2016-02-05 11:20:57'
System info: host: 'Aswinikumars-MacBook-Pro.local', ip: '192.168.1.5', os.name: 'Mac OS X', os.arch: 'x86_64', os.version: '10.14.6', java.version: '1.8.0_181'
Driver info: io.appium.java_client.android.AndroidDriver
Capabilities [{appPackage=com.weather.Weather, statBarHeight=98, noReset=true, viewportRect={top=98, left=0, width=1440, height=2614}, deviceName=803KPXV1599674, platform=LINUX, deviceUDID=803KPXV1599674, desired={app=/Users/aswinikumar/Documents/adsandroid-automation-master/Android_Smoke/APKFile/The_Weather_Channel_DEBUG (22).apk, appPackage=com.weather.Weather, appium-version=1.4.13, noReset=true, newCommandTimeout=100000, platformVersion=10.0, platformName=Android, deviceName=Samsung}, appium-version=1.4.13, newCommandTimeout=100000, platformVersion=10, webStorageEnabled=false, takesScreenshot=true, javascriptEnabled=true, platformName=Android, deviceApiLevel=29, deviceManufacturer=Google, app=/Users/aswinikumar/Documents/adsandroid-automation-master/Android_Smoke/APKFile/The_Weather_Channel_DEBUG (22).apk, deviceScreenSize=1440x2880, networkConnectionEnabled=true, warnings={}, databaseEnabled=false, pixelRatio=3.5, locationContextEnabled=false, deviceScreenDensity=560, deviceModel=Pixel 2 XL}]
Session ID: e1304691-2ee2-4e6a-9b18-90e4373c1e28
	at sun.reflect.NativeConstructorAccessorImpl.newInstance0(Native Method)
	at sun.reflect.NativeConstructorAccessorImpl.newInstance(NativeConstructorAccessorImpl.java:62)
	at sun.reflect.DelegatingConstructorAccessorImpl.newInstance(DelegatingConstructorAccessorImpl.java:45)
	at java.lang.reflect.Constructor.newInstance(Constructor.java:423)
	at org.openqa.selenium.remote.ErrorHandler.createThrowable(ErrorHandler.java:206)
	at org.openqa.selenium.remote.ErrorHandler.throwIfResponseFailed(ErrorHandler.java:158)
	at org.openqa.selenium.remote.RemoteWebDriver.execute(RemoteWebDriver.java:678)
	at io.appium.java_client.DefaultGenericMobileDriver.execute(DefaultGenericMobileDriver.java:42)
	at io.appium.java_client.AppiumDriver.execute(AppiumDriver.java:1)
	at io.appium.java_client.android.AndroidDriver.execute(AndroidDriver.java:1)
	at io.appium.java_client.AppiumDriver.performTouchAction(AppiumDriver.java:297)
	at io.appium.java_client.TouchAction.perform(TouchAction.java:301)
	at io.appium.java_client.AppiumDriver.swipe(AppiumDriver.java:352)
	at twc.Automation.General.Functions.Swipe(Functions.java:2305)
	at twc.Automation.General.Functions.Swipe_Conter(Functions.java:3067)
	at twc.Automation.General.Functions.Verify_Privacy_Card_onScreen(Functions.java:3038)
	at twc.Automation.SmokeTestCases.smokeTestCases.Smoke_Test_Verify_PrivacyCard_onScreen(smokeTestCases.java:445)

Smoke_Test__Smoke_Test_Verifying_videoadcall_Optoutmode_scenario(twc.Automation.SmokeTestCases.smokeTestCases)  Time elapsed: 0.047 sec  <<< FAILURE!
org.openqa.selenium.remote.UnreachableBrowserException: Error communicating with the remote browser. It may have died.
Build info: version: '2.51.0', revision: '1af067dbcaedd7d2ab9af5151fc471d363d97193', time: '2016-02-05 11:20:57'
System info: host: 'Aswinikumars-MacBook-Pro.local', ip: '192.168.1.5', os.name: 'Mac OS X', os.arch: 'x86_64', os.version: '10.14.6', java.version: '1.8.0_181'
Driver info: driver.version: AppiumDriver
Capabilities [{appPackage=com.weather.Weather, statBarHeight=98, noReset=true, viewportRect={top=98, left=0, width=1440, height=2614}, deviceName=803KPXV1599674, platform=LINUX, deviceUDID=803KPXV1599674, desired={app=/Users/aswinikumar/Documents/adsandroid-automation-master/Android_Smoke/APKFile/The_Weather_Channel_DEBUG (22).apk, appPackage=com.weather.Weather, appium-version=1.4.13, noReset=true, newCommandTimeout=100000, platformVersion=10.0, platformName=Android, deviceName=Samsung}, appium-version=1.4.13, newCommandTimeout=100000, platformVersion=10, webStorageEnabled=false, takesScreenshot=true, javascriptEnabled=true, platformName=Android, deviceApiLevel=29, deviceManufacturer=Google, app=/Users/aswinikumar/Documents/adsandroid-automation-master/Android_Smoke/APKFile/The_Weather_Channel_DEBUG (22).apk, deviceScreenSize=1440x2880, networkConnectionEnabled=true, warnings={}, databaseEnabled=false, pixelRatio=3.5, locationContextEnabled=false, deviceScreenDensity=560, deviceModel=Pixel 2 XL}]
Session ID: e1304691-2ee2-4e6a-9b18-90e4373c1e28
	at org.openqa.selenium.remote.RemoteWebDriver.execute(RemoteWebDriver.java:665)
	at io.appium.java_client.DefaultGenericMobileDriver.execute(DefaultGenericMobileDriver.java:42)
	at io.appium.java_client.AppiumDriver.execute(AppiumDriver.java:189)
	at io.appium.java_client.AppiumDriver.closeApp(AppiumDriver.java:245)
	at twc.Automation.HandleWithApp.AppFunctions.Kill_Launch_App(AppFunctions.java:903)
	at twc.Automation.SmokeTestCases.smokeTestCases.Smoke_Test__Smoke_Test_Verifying_videoadcall_Optoutmode_scenario(smokeTestCases.java:467)
Caused by: org.openqa.selenium.WebDriverException: java.net.SocketException: Connection reset
Build info: version: '2.51.0', revision: '1af067dbcaedd7d2ab9af5151fc471d363d97193', time: '2016-02-05 11:20:57'
System info: host: 'Aswinikumars-MacBook-Pro.local', ip: '192.168.1.5', os.name: 'Mac OS X', os.arch: 'x86_64', os.version: '10.14.6', java.version: '1.8.0_181'
Driver info: driver.version: AppiumDriver
	at io.appium.java_client.remote.AppiumCommandExecutor.execute(AppiumCommandExecutor.java:64)
	at org.openqa.selenium.remote.RemoteWebDriver.execute(RemoteWebDriver.java:644)
	... 35 more
Caused by: java.net.SocketException: Connection reset
	at java.net.SocketInputStream.read(SocketInputStream.java:210)
	at java.net.SocketInputStream.read(SocketInputStream.java:141)
	at org.apache.http.impl.conn.LoggingInputStream.read(LoggingInputStream.java:87)
	at org.apache.http.impl.io.SessionInputBufferImpl.streamRead(SessionInputBufferImpl.java:136)
	at org.apache.http.impl.io.SessionInputBufferImpl.fillBuffer(SessionInputBufferImpl.java:152)
	at org.apache.http.impl.io.SessionInputBufferImpl.readLine(SessionInputBufferImpl.java:270)
	at org.apache.http.impl.conn.DefaultHttpResponseParser.parseHead(DefaultHttpResponseParser.java:140)
	at org.apache.http.impl.conn.DefaultHttpResponseParser.parseHead(DefaultHttpResponseParser.java:57)
	at org.apache.http.impl.io.AbstractMessageParser.parse(AbstractMessageParser.java:260)
	at org.apache.http.impl.DefaultBHttpClientConnection.receiveResponseHeader(DefaultBHttpClientConnection.java:161)
	at sun.reflect.GeneratedMethodAccessor9.invoke(Unknown Source)
	at sun.reflect.DelegatingMethodAccessorImpl.invoke(DelegatingMethodAccessorImpl.java:43)
	at java.lang.reflect.Method.invoke(Method.java:498)
	at org.apache.http.impl.conn.CPoolProxy.invoke(CPoolProxy.java:138)
	at com.sun.proxy.$Proxy6.receiveResponseHeader(Unknown Source)
	at org.apache.http.protocol.HttpRequestExecutor.doReceiveResponse(HttpRequestExecutor.java:271)
	at org.apache.http.protocol.HttpRequestExecutor.execute(HttpRequestExecutor.java:123)
	at org.apache.http.impl.execchain.MainClientExec.execute(MainClientExec.java:254)
	at org.apache.http.impl.execchain.ProtocolExec.execute(ProtocolExec.java:195)
	at org.apache.http.impl.execchain.RetryExec.execute(RetryExec.java:86)
	at org.apache.http.impl.execchain.RedirectExec.execute(RedirectExec.java:108)
	at org.apache.http.impl.client.InternalHttpClient.doExecute(InternalHttpClient.java:186)
	at org.apache.http.impl.client.CloseableHttpClient.execute(CloseableHttpClient.java:72)
	at org.apache.http.impl.client.CloseableHttpClient.execute(CloseableHttpClient.java:57)
	at org.openqa.selenium.remote.internal.ApacheHttpClient.fallBackExecute(ApacheHttpClient.java:144)
	at org.openqa.selenium.remote.internal.ApacheHttpClient.execute(ApacheHttpClient.java:90)
	at org.openqa.selenium.remote.HttpCommandExecutor.execute(HttpCommandExecutor.java:142)
	at io.appium.java_client.remote.AppiumCommandExecutor.execute(AppiumCommandExecutor.java:52)
	... 36 more

Smoke_Test_Verifying_Feedadcall_Optoutmode_scenario(twc.Automation.SmokeTestCases.smokeTestCases)  Time elapsed: 0.006 sec  <<< FAILURE!
java.lang.NullPointerException
	at twc.Automation.ReadDataFromFile.read_xml_data_into_buffer.read_xml_file_into_buffer_string(read_xml_data_into_buffer.java:47)
	at twc.Automation.General.Functions.Verifying_gampadcalls_Optoutmode(Functions.java:3141)
	at twc.Automation.SmokeTestCases.smokeTestCases.Smoke_Test_Verifying_Feedadcall_Optoutmode_scenario(smokeTestCases.java:486)

Smoke_Test_Verifying_detailpageadcall_Optoutmode_scenario(twc.Automation.SmokeTestCases.smokeTestCases)  Time elapsed: 0.004 sec  <<< FAILURE!
java.lang.NullPointerException
	at twc.Automation.ReadDataFromFile.read_xml_data_into_buffer.read_xml_file_into_buffer_string(read_xml_data_into_buffer.java:47)
	at twc.Automation.General.Functions.Verifying_detail_gampadcalls_Optoutmode(Functions.java:3154)
	at twc.Automation.SmokeTestCases.smokeTestCases.Smoke_Test_Verifying_detailpageadcall_Optoutmode_scenario(smokeTestCases.java:498)

Smoke_Test__Verifying_Bcp_apicall_Optoutmode_scenario(twc.Automation.SmokeTestCases.smokeTestCases)  Time elapsed: 0.005 sec  <<< FAILURE!
java.lang.NullPointerException
	at twc.Automation.ReadDataFromFile.read_xml_data_into_buffer.read_xml_file_into_buffer_string(read_xml_data_into_buffer.java:47)
	at twc.Automation.General.Functions.validating_bcp_privacy_Optoutmode_scenarion(Functions.java:3176)
	at twc.Automation.SmokeTestCases.smokeTestCases.Smoke_Test__Verifying_Bcp_apicall_Optoutmode_scenario(smokeTestCases.java:511)

Smoke_Test__Verifying_adcrw_apicall_Optoutmode_scenario(twc.Automation.SmokeTestCases.smokeTestCases)  Time elapsed: 0.005 sec  <<< FAILURE!
java.lang.NullPointerException
	at twc.Automation.ReadDataFromFile.read_xml_data_into_buffer.read_xml_file_into_buffer_string(read_xml_data_into_buffer.java:47)
	at twc.Automation.General.Functions.validating_adcrw_privacy_Optoutmode_scenarion(Functions.java:3195)
	at twc.Automation.SmokeTestCases.smokeTestCases.Smoke_Test__Verifying_adcrw_apicall_Optoutmode_scenario(smokeTestCases.java:523)

Smoke_Test__Verifying_locaion_apicall_Optoutmode_scenario(twc.Automation.SmokeTestCases.smokeTestCases)  Time elapsed: 0.005 sec  <<< FAILURE!
java.lang.NullPointerException
	at twc.Automation.ReadDataFromFile.read_xml_data_into_buffer.read_xml_file_into_buffer_string(read_xml_data_into_buffer.java:47)
	at twc.Automation.General.Functions.validating_Fatualcall_privacy_Optoutmode_scenarion(Functions.java:3216)
	at twc.Automation.SmokeTestCases.smokeTestCases.Smoke_Test__Verifying_locaion_apicall_Optoutmode_scenario(smokeTestCases.java:535)

Smoke_Test__Verifying_amaozn_aax_calls_Optoutmode_scenario(twc.Automation.SmokeTestCases.smokeTestCases)  Time elapsed: 0.004 sec  <<< FAILURE!
java.lang.NullPointerException
	at twc.Automation.ReadDataFromFile.read_xml_data_into_buffer.read_xml_file_into_buffer_string(read_xml_data_into_buffer.java:47)
	at twc.Automation.General.Functions.validating_aax_privacy_Optoutmode_scenario(Functions.java:3541)
	at twc.Automation.SmokeTestCases.smokeTestCases.Smoke_Test__Verifying_amaozn_aax_calls_Optoutmode_scenario(smokeTestCases.java:547)

Smoke_Test__Verifying_homescreenhourly_calls_Optoutmode_scenario(twc.Automation.SmokeTestCases.smokeTestCases)  Time elapsed: 0.006 sec  <<< FAILURE!
java.lang.NullPointerException
	at twc.Automation.ReadDataFromFile.read_xml_data_into_buffer.read_xml_file_into_buffer_string(read_xml_data_into_buffer.java:47)
	at twc.Automation.General.Functions.finding_Homescreen_iu_value(Functions.java:2317)
	at twc.Automation.SmokeTestCases.smokeTestCases.Smoke_Test__Verifying_homescreenhourly_calls_Optoutmode_scenario(smokeTestCases.java:558)

Smoke_Test__Verifying_marqueehomescreecall_Optoutmode_scenario(twc.Automation.SmokeTestCases.smokeTestCases)  Time elapsed: 0.006 sec  <<< FAILURE!
java.lang.NullPointerException
	at twc.Automation.ReadDataFromFile.read_xml_data_into_buffer.read_xml_file_into_buffer_string(read_xml_data_into_buffer.java:47)
	at twc.Automation.General.Functions.finding_Homescreen_marquee_iu_value(Functions.java:3022)
	at twc.Automation.SmokeTestCases.smokeTestCases.Smoke_Test__Verifying_marqueehomescreecall_Optoutmode_scenario(smokeTestCases.java:570)

Smoke_Test_Verifying_SOD_Cust_Param_homescreenad_Optoutmode_scenario(twc.Automation.SmokeTestCases.smokeTestCases)  Time elapsed: 0.006 sec  <<< FAILURE!
java.lang.NullPointerException
	at twc.Automation.ReadDataFromFile.read_xml_data_into_buffer.read_xml_file_into_buffer_string(read_xml_data_into_buffer.java:47)
	at twc.Automation.General.Functions.validate_SOD_Cust_param_homescreen_Optoutmode(Functions.java:3583)
	at twc.Automation.SmokeTestCases.smokeTestCases.Smoke_Test_Verifying_SOD_Cust_Param_homescreenad_Optoutmode_scenario(smokeTestCases.java:580)

Smoke_Test_Verifying_SOD_Cust_Param_Feedad_Optoutmode_scenario(twc.Automation.SmokeTestCases.smokeTestCases)  Time elapsed: 0.006 sec  <<< FAILURE!
java.lang.NullPointerException
	at twc.Automation.ReadDataFromFile.read_xml_data_into_buffer.read_xml_file_into_buffer_string(read_xml_data_into_buffer.java:47)
	at twc.Automation.General.Functions.validate_SOD_Cust_param_feed_Optoutmode(Functions.java:3612)
	at twc.Automation.SmokeTestCases.smokeTestCases.Smoke_Test_Verifying_SOD_Cust_Param_Feedad_Optoutmode_scenario(smokeTestCases.java:590)

Smoke_Test_Verifying_SOD_Cust_Param_detail_Feedad_Optoutmode_scenario(twc.Automation.SmokeTestCases.smokeTestCases)  Time elapsed: 0.006 sec  <<< FAILURE!
java.lang.NullPointerException
	at twc.Automation.ReadDataFromFile.read_xml_data_into_buffer.read_xml_file_into_buffer_string(read_xml_data_into_buffer.java:47)
	at twc.Automation.General.Functions.validate_SOD_Cust_param_deatiledfeed_Optoutmode(Functions.java:3640)
	at twc.Automation.SmokeTestCases.smokeTestCases.Smoke_Test_Verifying_SOD_Cust_Param_detail_Feedad_Optoutmode_scenario(smokeTestCases.java:599)

Smoke_Test_Verifying_SOD_Cust_Param_videoad_Optoutmode_scenario(twc.Automation.SmokeTestCases.smokeTestCases)  Time elapsed: 0.006 sec  <<< FAILURE!
java.lang.NullPointerException
	at twc.Automation.ReadDataFromFile.read_xml_data_into_buffer.read_xml_file_into_buffer_string(read_xml_data_into_buffer.java:47)
	at twc.Automation.General.Functions.validate_SOD_Cust_param_video_Optoutmode(Functions.java:3668)
	at twc.Automation.SmokeTestCases.smokeTestCases.Smoke_Test_Verifying_SOD_Cust_Param_videoad_Optoutmode_scenario(smokeTestCases.java:608)

Smoke_Test_Verifying_RDP_value_homescreenad_Optoutmode_scenario(twc.Automation.SmokeTestCases.smokeTestCases)  Time elapsed: 0.006 sec  <<< FAILURE!
java.lang.NullPointerException
	at twc.Automation.ReadDataFromFile.read_xml_data_into_buffer.read_xml_file_into_buffer_string(read_xml_data_into_buffer.java:47)
	at twc.Automation.General.Functions.validate_RDP_homescreen_Optoutmode(Functions.java:3835)
	at twc.Automation.SmokeTestCases.smokeTestCases.Smoke_Test_Verifying_RDP_value_homescreenad_Optoutmode_scenario(smokeTestCases.java:617)

Smoke_Test_Verifying_RDP_value_feedad_Optoutmode_scenario(twc.Automation.SmokeTestCases.smokeTestCases)  Time elapsed: 0.006 sec  <<< FAILURE!
java.lang.NullPointerException
	at twc.Automation.ReadDataFromFile.read_xml_data_into_buffer.read_xml_file_into_buffer_string(read_xml_data_into_buffer.java:47)
	at twc.Automation.General.Functions.validate_RDP_feed_Optoutmode(Functions.java:3856)
	at twc.Automation.SmokeTestCases.smokeTestCases.Smoke_Test_Verifying_RDP_value_feedad_Optoutmode_scenario(smokeTestCases.java:626)

Smoke_Test_Verifying_RDP_value_detailed_feedad_Optoutmode_scenario(twc.Automation.SmokeTestCases.smokeTestCases)  Time elapsed: 0.006 sec  <<< FAILURE!
java.lang.NullPointerException
	at twc.Automation.ReadDataFromFile.read_xml_data_into_buffer.read_xml_file_into_buffer_string(read_xml_data_into_buffer.java:47)
	at twc.Automation.General.Functions.validate_RDP_detailed_feed_Optoutmode(Functions.java:3877)
	at twc.Automation.SmokeTestCases.smokeTestCases.Smoke_Test_Verifying_RDP_value_detailed_feedad_Optoutmode_scenario(smokeTestCases.java:636)

Smoke_Test_Verifying_RDP_value_video_adcall_Optoutmode_scenario(twc.Automation.SmokeTestCases.smokeTestCases)  Time elapsed: 0.006 sec  <<< FAILURE!
java.lang.NullPointerException
	at twc.Automation.ReadDataFromFile.read_xml_data_into_buffer.read_xml_file_into_buffer_string(read_xml_data_into_buffer.java:47)
	at twc.Automation.General.Functions.validate_RDP_video_ad_Optoutmode(Functions.java:3898)
	at twc.Automation.SmokeTestCases.smokeTestCases.Smoke_Test_Verifying_RDP_value_video_adcall_Optoutmode_scenario(smokeTestCases.java:645)

Smoke_Test_Selecting_Opt_in_mode_scenario(twc.Automation.SmokeTestCases.smokeTestCases)  Time elapsed: 70.004 sec  <<< FAILURE!
org.openqa.selenium.InvalidElementStateException: Swipe did not complete successfully (WARNING: The server did not provide any stacktrace information)
Command duration or timeout: 1.21 seconds
Build info: version: '2.51.0', revision: '1af067dbcaedd7d2ab9af5151fc471d363d97193', time: '2016-02-05 11:20:57'
System info: host: 'Aswinikumars-MacBook-Pro.local', ip: '192.168.1.5', os.name: 'Mac OS X', os.arch: 'x86_64', os.version: '10.14.6', java.version: '1.8.0_181'
Driver info: io.appium.java_client.android.AndroidDriver
Capabilities [{appPackage=com.weather.Weather, statBarHeight=98, noReset=true, viewportRect={top=98, left=0, width=1440, height=2614}, deviceName=803KPXV1599674, platform=LINUX, deviceUDID=803KPXV1599674, desired={app=/Users/aswinikumar/Documents/adsandroid-automation-master/Android_Smoke/APKFile/The_Weather_Channel_DEBUG (22).apk, appPackage=com.weather.Weather, appium-version=1.4.13, noReset=true, newCommandTimeout=100000, platformVersion=10.0, platformName=Android, deviceName=Samsung}, appium-version=1.4.13, newCommandTimeout=100000, platformVersion=10, webStorageEnabled=false, takesScreenshot=true, javascriptEnabled=true, platformName=Android, deviceApiLevel=29, deviceManufacturer=Google, app=/Users/aswinikumar/Documents/adsandroid-automation-master/Android_Smoke/APKFile/The_Weather_Channel_DEBUG (22).apk, deviceScreenSize=1440x2880, networkConnectionEnabled=true, warnings={}, databaseEnabled=false, pixelRatio=3.5, locationContextEnabled=false, deviceScreenDensity=560, deviceModel=Pixel 2 XL}]
Session ID: e1304691-2ee2-4e6a-9b18-90e4373c1e28
	at sun.reflect.NativeConstructorAccessorImpl.newInstance0(Native Method)
	at sun.reflect.NativeConstructorAccessorImpl.newInstance(NativeConstructorAccessorImpl.java:62)
	at sun.reflect.DelegatingConstructorAccessorImpl.newInstance(DelegatingConstructorAccessorImpl.java:45)
	at java.lang.reflect.Constructor.newInstance(Constructor.java:423)
	at org.openqa.selenium.remote.ErrorHandler.createThrowable(ErrorHandler.java:206)
	at org.openqa.selenium.remote.ErrorHandler.throwIfResponseFailed(ErrorHandler.java:158)
	at org.openqa.selenium.remote.RemoteWebDriver.execute(RemoteWebDriver.java:678)
	at io.appium.java_client.DefaultGenericMobileDriver.execute(DefaultGenericMobileDriver.java:42)
	at io.appium.java_client.AppiumDriver.execute(AppiumDriver.java:1)
	at io.appium.java_client.android.AndroidDriver.execute(AndroidDriver.java:1)
	at io.appium.java_client.AppiumDriver.performTouchAction(AppiumDriver.java:297)
	at io.appium.java_client.TouchAction.perform(TouchAction.java:301)
	at io.appium.java_client.AppiumDriver.swipe(AppiumDriver.java:352)
	at twc.Automation.General.Functions.Swipe(Functions.java:2305)
	at twc.Automation.General.Functions.Swipe_Conter(Functions.java:3067)
	at twc.Automation.General.Functions.Verify_Privacy_Card_onScreen(Functions.java:3038)
	at twc.Automation.SmokeTestCases.smokeTestCases.Smoke_Test_Selecting_Opt_in_mode_scenario(smokeTestCases.java:657)

Smoke_Test__Smoke_Test_Verifying_videoadcall_Optinmode_scenario(twc.Automation.SmokeTestCases.smokeTestCases)  Time elapsed: 126.139 sec  <<< FAILURE!
org.openqa.selenium.NoSuchElementException: An element could not be located on the page using the given search parameters. (WARNING: The server did not provide any stacktrace information)
Command duration or timeout: 64.29 seconds
For documentation on this error, please visit: http://seleniumhq.org/exceptions/no_such_element.html
Build info: version: '2.51.0', revision: '1af067dbcaedd7d2ab9af5151fc471d363d97193', time: '2016-02-05 11:20:57'
System info: host: 'Aswinikumars-MacBook-Pro.local', ip: '192.168.1.5', os.name: 'Mac OS X', os.arch: 'x86_64', os.version: '10.14.6', java.version: '1.8.0_181'
Driver info: io.appium.java_client.android.AndroidDriver
Capabilities [{appPackage=com.weather.Weather, statBarHeight=98, noReset=true, viewportRect={top=98, left=0, width=1440, height=2614}, deviceName=803KPXV1599674, platform=LINUX, deviceUDID=803KPXV1599674, desired={app=/Users/aswinikumar/Documents/adsandroid-automation-master/Android_Smoke/APKFile/The_Weather_Channel_DEBUG (22).apk, appPackage=com.weather.Weather, appium-version=1.4.13, noReset=true, newCommandTimeout=100000, platformVersion=10.0, platformName=Android, deviceName=Samsung}, appium-version=1.4.13, newCommandTimeout=100000, platformVersion=10, webStorageEnabled=false, takesScreenshot=true, javascriptEnabled=true, platformName=Android, deviceApiLevel=29, deviceManufacturer=Google, app=/Users/aswinikumar/Documents/adsandroid-automation-master/Android_Smoke/APKFile/The_Weather_Channel_DEBUG (22).apk, deviceScreenSize=1440x2880, networkConnectionEnabled=true, warnings={}, databaseEnabled=false, pixelRatio=3.5, locationContextEnabled=false, deviceScreenDensity=560, deviceModel=Pixel 2 XL}]
Session ID: e1304691-2ee2-4e6a-9b18-90e4373c1e28
*** Element info: {Using=id, value=com.weather.Weather:id/mapBig}
	at sun.reflect.NativeConstructorAccessorImpl.newInstance0(Native Method)
	at sun.reflect.NativeConstructorAccessorImpl.newInstance(NativeConstructorAccessorImpl.java:62)
	at sun.reflect.DelegatingConstructorAccessorImpl.newInstance(DelegatingConstructorAccessorImpl.java:45)
	at java.lang.reflect.Constructor.newInstance(Constructor.java:423)
	at org.openqa.selenium.remote.ErrorHandler.createThrowable(ErrorHandler.java:206)
	at org.openqa.selenium.remote.ErrorHandler.throwIfResponseFailed(ErrorHandler.java:158)
	at org.openqa.selenium.remote.RemoteWebDriver.execute(RemoteWebDriver.java:678)
	at io.appium.java_client.DefaultGenericMobileDriver.execute(DefaultGenericMobileDriver.java:42)
	at io.appium.java_client.AppiumDriver.execute(AppiumDriver.java:1)
	at io.appium.java_client.android.AndroidDriver.execute(AndroidDriver.java:1)
	at org.openqa.selenium.remote.RemoteWebDriver.findElement(RemoteWebDriver.java:363)
	at org.openqa.selenium.remote.RemoteWebDriver.findElementById(RemoteWebDriver.java:413)
	at io.appium.java_client.DefaultGenericMobileDriver.findElementById(DefaultGenericMobileDriver.java:62)
	at io.appium.java_client.AppiumDriver.findElementById(AppiumDriver.java:1)
	at io.appium.java_client.android.AndroidDriver.findElementById(AndroidDriver.java:1)
	at twc.Automation.General.Functions.click_Mapsdetails_element(Functions.java:3116)
	at twc.Automation.SmokeTestCases.smokeTestCases.Smoke_Test__Smoke_Test_Verifying_videoadcall_Optinmode_scenario(smokeTestCases.java:675)

Smoke_Test_Verifying_Feedadcall_Optinmode_scenario(twc.Automation.SmokeTestCases.smokeTestCases)  Time elapsed: 0.005 sec  <<< FAILURE!
java.lang.NullPointerException
	at twc.Automation.ReadDataFromFile.read_xml_data_into_buffer.read_xml_file_into_buffer_string(read_xml_data_into_buffer.java:47)
	at twc.Automation.General.Functions.Verifying_gampadcalls_Optoutmode(Functions.java:3141)
	at twc.Automation.SmokeTestCases.smokeTestCases.Smoke_Test_Verifying_Feedadcall_Optinmode_scenario(smokeTestCases.java:689)

Smoke_Test_Verifying_detailpageadcall_Optinmode_scenario(twc.Automation.SmokeTestCases.smokeTestCases)  Time elapsed: 0.005 sec  <<< FAILURE!
java.lang.NullPointerException
	at twc.Automation.ReadDataFromFile.read_xml_data_into_buffer.read_xml_file_into_buffer_string(read_xml_data_into_buffer.java:47)
	at twc.Automation.General.Functions.Verifying_detail_gampadcalls_Optoutmode(Functions.java:3154)
	at twc.Automation.SmokeTestCases.smokeTestCases.Smoke_Test_Verifying_detailpageadcall_Optinmode_scenario(smokeTestCases.java:701)

Smoke_Test__Verifying_Bcp_apicall_Optinmode_scenario(twc.Automation.SmokeTestCases.smokeTestCases)  Time elapsed: 0.005 sec  <<< FAILURE!
java.lang.NullPointerException
	at twc.Automation.ReadDataFromFile.read_xml_data_into_buffer.read_xml_file_into_buffer_string(read_xml_data_into_buffer.java:47)
	at twc.Automation.General.Functions.validating_bcp_privacy_Optinmode_scenarion(Functions.java:3255)
	at twc.Automation.SmokeTestCases.smokeTestCases.Smoke_Test__Verifying_Bcp_apicall_Optinmode_scenario(smokeTestCases.java:713)

Smoke_Test__Verifying_adcrw_apicall_Optinmode_scenario(twc.Automation.SmokeTestCases.smokeTestCases)  Time elapsed: 0.005 sec  <<< FAILURE!
java.lang.NullPointerException
	at twc.Automation.ReadDataFromFile.read_xml_data_into_buffer.read_xml_file_into_buffer_string(read_xml_data_into_buffer.java:47)
	at twc.Automation.General.Functions.validating_adcrw_privacy_Optinmode_scenarion(Functions.java:3275)
	at twc.Automation.SmokeTestCases.smokeTestCases.Smoke_Test__Verifying_adcrw_apicall_Optinmode_scenario(smokeTestCases.java:725)

Smoke_Test__Verifying_locaion_apicall_Optinmode_scenario(twc.Automation.SmokeTestCases.smokeTestCases)  Time elapsed: 0.007 sec  <<< FAILURE!
java.lang.NullPointerException
	at twc.Automation.ReadDataFromFile.read_xml_data_into_buffer.read_xml_file_into_buffer_string(read_xml_data_into_buffer.java:47)
	at twc.Automation.General.Functions.validating_Fatualcall_privacy_Optinmode_scenarion(Functions.java:3295)
	at twc.Automation.SmokeTestCases.smokeTestCases.Smoke_Test__Verifying_locaion_apicall_Optinmode_scenario(smokeTestCases.java:737)

Smoke_Test__Verifying_amaozn_aax_calls_Optinmode_scenario(twc.Automation.SmokeTestCases.smokeTestCases)  Time elapsed: 0.005 sec  <<< FAILURE!
java.lang.NullPointerException
	at twc.Automation.ReadDataFromFile.read_xml_data_into_buffer.read_xml_file_into_buffer_string(read_xml_data_into_buffer.java:47)
	at twc.Automation.General.Functions.validating_aax_privacy_Optinmode_scenario(Functions.java:3560)
	at twc.Automation.SmokeTestCases.smokeTestCases.Smoke_Test__Verifying_amaozn_aax_calls_Optinmode_scenario(smokeTestCases.java:749)

Smoke_Test__Verifying_homescreenhourly_calls_Optinmode_scenario(twc.Automation.SmokeTestCases.smokeTestCases)  Time elapsed: 0.008 sec  <<< FAILURE!
java.lang.NullPointerException
	at twc.Automation.ReadDataFromFile.read_xml_data_into_buffer.read_xml_file_into_buffer_string(read_xml_data_into_buffer.java:47)
	at twc.Automation.General.Functions.finding_Homescreen_iu_value(Functions.java:2317)
	at twc.Automation.SmokeTestCases.smokeTestCases.Smoke_Test__Verifying_homescreenhourly_calls_Optinmode_scenario(smokeTestCases.java:760)

Smoke_Test__Verifying_marqueehomescreecall_Optinmode_scenario(twc.Automation.SmokeTestCases.smokeTestCases)  Time elapsed: 0.007 sec  <<< FAILURE!
java.lang.NullPointerException
	at twc.Automation.ReadDataFromFile.read_xml_data_into_buffer.read_xml_file_into_buffer_string(read_xml_data_into_buffer.java:47)
	at twc.Automation.General.Functions.finding_Homescreen_marquee_iu_value(Functions.java:3022)
	at twc.Automation.SmokeTestCases.smokeTestCases.Smoke_Test__Verifying_marqueehomescreecall_Optinmode_scenario(smokeTestCases.java:772)

Smoke_Test_Verifying_SOD_Cust_Param_homescreenad_Optinmode_scenario(twc.Automation.SmokeTestCases.smokeTestCases)  Time elapsed: 0.006 sec  <<< FAILURE!
java.lang.NullPointerException
	at twc.Automation.ReadDataFromFile.read_xml_data_into_buffer.read_xml_file_into_buffer_string(read_xml_data_into_buffer.java:47)
	at twc.Automation.General.Functions.validate_SOD_Cust_param_homescreen_Optinmode(Functions.java:3720)
	at twc.Automation.SmokeTestCases.smokeTestCases.Smoke_Test_Verifying_SOD_Cust_Param_homescreenad_Optinmode_scenario(smokeTestCases.java:785)

Smoke_Test_Verifying_SOD_Cust_Param_Feedad_Optinmode_scenario(twc.Automation.SmokeTestCases.smokeTestCases)  Time elapsed: 0.008 sec  <<< FAILURE!
java.lang.NullPointerException
	at twc.Automation.ReadDataFromFile.read_xml_data_into_buffer.read_xml_file_into_buffer_string(read_xml_data_into_buffer.java:47)
	at twc.Automation.General.Functions.validate_SOD_Cust_param_feed_Optinmode(Functions.java:3749)
	at twc.Automation.SmokeTestCases.smokeTestCases.Smoke_Test_Verifying_SOD_Cust_Param_Feedad_Optinmode_scenario(smokeTestCases.java:795)

Smoke_Test_Verifying_SOD_Cust_Param_detail_Feedad_Optinmode_scenario(twc.Automation.SmokeTestCases.smokeTestCases)  Time elapsed: 0.01 sec  <<< FAILURE!
java.lang.NullPointerException
	at twc.Automation.ReadDataFromFile.read_xml_data_into_buffer.read_xml_file_into_buffer_string(read_xml_data_into_buffer.java:47)
	at twc.Automation.General.Functions.validate_SOD_Cust_param_deatiledfeed_Optinmode(Functions.java:3777)
	at twc.Automation.SmokeTestCases.smokeTestCases.Smoke_Test_Verifying_SOD_Cust_Param_detail_Feedad_Optinmode_scenario(smokeTestCases.java:804)

Smoke_Test_Verifying_SOD_Cust_Param_videoad_Optinmode_scenario(twc.Automation.SmokeTestCases.smokeTestCases)  Time elapsed: 0.008 sec  <<< FAILURE!
java.lang.NullPointerException
	at twc.Automation.ReadDataFromFile.read_xml_data_into_buffer.read_xml_file_into_buffer_string(read_xml_data_into_buffer.java:47)
	at twc.Automation.General.Functions.validate_SOD_Cust_param_video_Optinmode(Functions.java:3805)
	at twc.Automation.SmokeTestCases.smokeTestCases.Smoke_Test_Verifying_SOD_Cust_Param_videoad_Optinmode_scenario(smokeTestCases.java:813)

Smoke_Test_Verifying_RDP_value_homescreenad_Optinmode_scenario(twc.Automation.SmokeTestCases.smokeTestCases)  Time elapsed: 0.016 sec  <<< FAILURE!
java.lang.NullPointerException
	at twc.Automation.ReadDataFromFile.read_xml_data_into_buffer.read_xml_file_into_buffer_string(read_xml_data_into_buffer.java:47)
	at twc.Automation.General.Functions.validate_RDP_homescreen_Optinmode(Functions.java:3926)
	at twc.Automation.SmokeTestCases.smokeTestCases.Smoke_Test_Verifying_RDP_value_homescreenad_Optinmode_scenario(smokeTestCases.java:821)

Smoke_Test_Verifying_RDP_value_feedad_Optinmode_scenario(twc.Automation.SmokeTestCases.smokeTestCases)  Time elapsed: 0.008 sec  <<< FAILURE!
java.lang.NullPointerException
	at twc.Automation.ReadDataFromFile.read_xml_data_into_buffer.read_xml_file_into_buffer_string(read_xml_data_into_buffer.java:47)
	at twc.Automation.General.Functions.validate_RDP_feed_Optinmode(Functions.java:3948)
	at twc.Automation.SmokeTestCases.smokeTestCases.Smoke_Test_Verifying_RDP_value_feedad_Optinmode_scenario(smokeTestCases.java:830)

Smoke_Test_Verifying_RDP_value_detailed_feedad_Optinmode_scenario(twc.Automation.SmokeTestCases.smokeTestCases)  Time elapsed: 0.007 sec  <<< FAILURE!
java.lang.NullPointerException
	at twc.Automation.ReadDataFromFile.read_xml_data_into_buffer.read_xml_file_into_buffer_string(read_xml_data_into_buffer.java:47)
	at twc.Automation.General.Functions.validate_RDP_detailed_feed_Optinmode(Functions.java:3970)
	at twc.Automation.SmokeTestCases.smokeTestCases.Smoke_Test_Verifying_RDP_value_detailed_feedad_Optinmode_scenario(smokeTestCases.java:840)

Smoke_Test_Verifying_RDP_value_video_adcall_Optinmode_scenario(twc.Automation.SmokeTestCases.smokeTestCases)  Time elapsed: 0.007 sec  <<< FAILURE!
java.lang.NullPointerException
	at twc.Automation.ReadDataFromFile.read_xml_data_into_buffer.read_xml_file_into_buffer_string(read_xml_data_into_buffer.java:47)
	at twc.Automation.General.Functions.validate_RDP_video_ad_Optinmode(Functions.java:3992)
	at twc.Automation.SmokeTestCases.smokeTestCases.Smoke_Test_Verifying_RDP_value_video_adcall_Optinmode_scenario(smokeTestCases.java:849)

Smoke_Test_NextGen_IM_adunit(twc.Automation.SmokeTestCases.smokeTestCases)  Time elapsed: 318.208 sec  <<< FAILURE!
java.lang.NullPointerException
	at twc.Automation.ReadDataFromFile.read_xml_data_into_buffer.read_xml_file_into_buffer_string(read_xml_data_into_buffer.java:47)
	at twc.Automation.General.Functions.nextgenim_adunit(Functions.java:3354)
	at twc.Automation.SmokeTestCases.smokeTestCases.Smoke_Test_NextGen_IM_adunit(smokeTestCases.java:951)

Smoke_Test_verifying_NextGenIM_response(twc.Automation.SmokeTestCases.smokeTestCases)  Time elapsed: 0.441 sec  <<< FAILURE!
java.lang.NullPointerException
	at twc.Automation.ReadDataFromFile.read_xml_data_into_buffer.read_xml_file_into_buffer_string(read_xml_data_into_buffer.java:47)
	at twc.Automation.General.Functions.nextgenim_adcall_response(Functions.java:3370)
	at twc.Automation.SmokeTestCases.smokeTestCases.Smoke_Test_verifying_NextGenIM_response(smokeTestCases.java:960)

Smoke_Test_verifying_FG_BG_urls_NextgenIm_Ad(twc.Automation.SmokeTestCases.smokeTestCases)  Time elapsed: 0.004 sec  <<< FAILURE!
java.lang.NullPointerException
	at twc.Automation.ReadDataFromFile.read_xml_data_into_buffer.read_xml_file_into_buffer_string(read_xml_data_into_buffer.java:47)
	at twc.Automation.General.Functions.validate_FG_BG_adcalls_NextGenIM(Functions.java:3422)
	at twc.Automation.SmokeTestCases.smokeTestCases.Smoke_Test_verifying_FG_BG_urls_NextgenIm_Ad(smokeTestCases.java:971)

Smoke_Test_verifying_Size_NextgenIm_Ad(twc.Automation.SmokeTestCases.smokeTestCases)  Time elapsed: 0.004 sec  <<< FAILURE!
java.lang.NullPointerException
	at twc.Automation.ReadDataFromFile.read_xml_data_into_buffer.read_xml_file_into_buffer_string(read_xml_data_into_buffer.java:47)
	at twc.Automation.General.Functions.validate_Size_NextGenIM(Functions.java:3443)
	at twc.Automation.SmokeTestCases.smokeTestCases.Smoke_Test_verifying_Size_NextgenIm_Ad(smokeTestCases.java:983)

Smoke_Test_Verify_dailyIF_card_adcall_iu(twc.Automation.SmokeTestCases.smokeTestCases)  Time elapsed: 332.336 sec  <<< FAILURE!
java.lang.AssertionError: 7646/app_android_us/db_display/card/daily call was not trigred
	at org.testng.Assert.fail(Assert.java:94)
	at twc.Automation.General.Functions.Verify_dailycard_iu(Functions.java:2632)
	at twc.Automation.SmokeTestCases.smokeTestCases.Smoke_Test_Verify_dailyIF_card_adcall_iu(smokeTestCases.java:999)

Smoke_Test_verifying_DailyIFcardResponse(twc.Automation.SmokeTestCases.smokeTestCases)  Time elapsed: 0.348 sec  <<< FAILURE!
java.lang.NullPointerException
	at twc.Automation.ReadDataFromFile.read_excel_data.exceldataread(read_excel_data.java:25)
	at twc.Automation.General.Functions.dailyIFCard_adcall_response(Functions.java:3471)
	at twc.Automation.SmokeTestCases.smokeTestCases.Smoke_Test_verifying_DailyIFcardResponse(smokeTestCases.java:1008)

Smoke_Test_verifying_FG_BG_urls_DailyIF_Card(twc.Automation.SmokeTestCases.smokeTestCases)  Time elapsed: 0.355 sec  <<< FAILURE!
java.lang.NullPointerException
	at twc.Automation.ReadDataFromFile.read_excel_data.exceldataread(read_excel_data.java:25)
	at twc.Automation.General.Functions.validate_FG_BG_adcalls_DailyIFcards(Functions.java:3523)
	at twc.Automation.SmokeTestCases.smokeTestCases.Smoke_Test_verifying_FG_BG_urls_DailyIF_Card(smokeTestCases.java:1017)

